<?xml version="1.0" encoding="UTF-8"?>
<!-- Generated by org.testng.reporters.JUnitXMLReporter -->
<testsuite ignored="6" hostname="DESKTOP-DOJ891E" failures="1" tests="8" name="Test" time="21.073" errors="0" timestamp="2025-03-03T18:09:54 IST">
  <testcase classname="UI.VerifyTitleTest" name="titleTest" time="11.087"/>
  <testcase classname="UI.GroupDemoTest" name="atest" time="0.009"/>
  <testcase classname="UI.GroupDemoTest" name="btest" time="0.003"/>
  <testcase classname="UI.GroupDemoTest" name="login" time="0.009"/>
  <testcase classname="UI.GroupDemoTest" name="logout" time="0.004"/>
  <testcase classname="UI.VerifyTextAndTitle" name="textTitle" time="9.753">
    <failure type="java.lang.AssertionError" message="The following asserts failed:
	verification failed expected [Searchaa] but found [Search]">
      <![CDATA[java.lang.AssertionError: The following asserts failed:
verification failed expected [Searchaa] but found [Search]
at UI.VerifyTextAndTitle.textTitle(VerifyTextAndTitle.java:26)
at java.base/java.util.ArrayList.forEach(ArrayList.java:1596)
... Removed 27 stack frames]]>
    </failure>
  </testcase> <!-- textTitle -->
  <testcase classname="UI.LoginTest" name="login" time="0.003"/>
  <testcase classname="UI.LoginTest" name="logout" time="0.002"/>
  <testcase classname="common.commondatasetup" name="@BeforeSuite datasetup" time="0.0">
    <ignored/>
  </testcase> <!-- @BeforeSuite datasetup -->
  <testcase classname="common.commondatasetup" name="@AfterSuite datateardown" time="0.0">
    <ignored/>
  </testcase> <!-- @AfterSuite datateardown -->
  <testcase classname="common.commondatasetup" name="@BeforeSuite datasetup" time="0.0">
    <ignored/>
  </testcase> <!-- @BeforeSuite datasetup -->
  <testcase classname="common.commondatasetup" name="@AfterSuite datateardown" time="0.0">
    <ignored/>
  </testcase> <!-- @AfterSuite datateardown -->
  <testcase classname="common.commondatasetup" name="@AfterSuite datateardown" time="0.0">
    <ignored/>
  </testcase> <!-- @AfterSuite datateardown -->
  <testcase classname="common.commondatasetup" name="@BeforeSuite datasetup" time="0.0">
    <ignored/>
  </testcase> <!-- @BeforeSuite datasetup -->
</testsuite> <!-- Test -->
