<?xml version="1.0" encoding="UTF-8"?>
<!-- Generated by org.testng.reporters.JUnitXMLReporter -->
<testsuite ignored="0" hostname="DESKTOP-DOJ891E" failures="1" tests="8" name="Test" time="14.828" errors="0" timestamp="2025-02-27T18:30:36 IST">
  <testcase classname="UI.VerifyTitleTest" name="titleTest" time="9.027"/>
  <testcase classname="UI.GroupDemoTest" name="atest" time="0.019"/>
  <testcase classname="UI.GroupDemoTest" name="btest" time="0.006"/>
  <testcase classname="UI.GroupDemoTest" name="login" time="0.013"/>
  <testcase classname="UI.GroupDemoTest" name="logout" time="0.009"/>
  <testcase classname="UI.VerifyTextAndTitle" name="textTitle" time="5.458">
    <failure type="java.lang.AssertionError" message="The following asserts failed:
	verification failed expected [Searchaa] but found [Search]">
      <![CDATA[java.lang.AssertionError: The following asserts failed:
verification failed expected [Searchaa] but found [Search]
at UI.VerifyTextAndTitle.textTitle(VerifyTextAndTitle.java:25)
at java.base/java.util.ArrayList.forEach(ArrayList.java:1596)
... Removed 27 stack frames]]>
    </failure>
  </testcase> <!-- textTitle -->
  <testcase classname="UI.LoginTest" name="login" time="0.005"/>
  <testcase classname="UI.LoginTest" name="logout" time="0.003"/>
</testsuite> <!-- Test -->
