<?xml version="1.0" encoding="UTF-8"?>
<!-- Generated by org.testng.reporters.JUnitXMLReporter -->
<testsuite ignored="0" hostname="DESKTOP-DOJ891E" failures="1" tests="8" name="Test" time="17.591" errors="0" timestamp="2025-02-27T18:44:15 IST">
  <testcase classname="UI.VerifyTitleTest" name="titleTest" time="10.552"/>
  <testcase classname="UI.GroupDemoTest" name="atest" time="0.015"/>
  <testcase classname="UI.GroupDemoTest" name="btest" time="0.0"/>
  <testcase classname="UI.GroupDemoTest" name="login" time="0.0"/>
  <testcase classname="UI.GroupDemoTest" name="logout" time="0.0"/>
  <testcase classname="UI.VerifyTextAndTitle" name="textTitle" time="6.82">
    <failure type="java.lang.AssertionError" message="The following asserts failed:
	verification failed expected [Searchaa] but found [Search]">
      <![CDATA[java.lang.AssertionError: The following asserts failed:
verification failed expected [Searchaa] but found [Search]
at UI.VerifyTextAndTitle.textTitle(VerifyTextAndTitle.java:25)
at java.base/java.util.ArrayList.forEach(ArrayList.java:1596)
... Removed 27 stack frames]]>
    </failure>
  </testcase> <!-- textTitle -->
  <testcase classname="UI.LoginTest" name="login" time="0.002"/>
  <testcase classname="UI.LoginTest" name="logout" time="0.001"/>
</testsuite> <!-- Test -->
