<!DOCTYPE html PUBLIC "-//W3C//DTD XHTML 1.1//EN" "https://www.w3.org/TR/xhtml11/DTD/xhtml11.dtd">
<html xmlns="https://www.w3.org/1999/xhtml">
<head>
<meta http-equiv="content-type" content="text/html; charset=UTF-8"/>
<title>TestNG Report</title>
<style type="text/css">table {margin-bottom:10px;border-collapse:collapse;empty-cells:show}th,td {border:1px solid #009;padding:.25em .5em}th {vertical-align:bottom}td {vertical-align:top}table a {font-weight:bold}.stripe td {background-color: #E6EBF9}.num {text-align:right}.passedodd td {background-color: #3F3}.passedeven td {background-color: #0A0}.skippedodd td {background-color: #DDD}.skippedeven td {background-color: #CCC}.failedodd td,.attn {background-color: #F33}.failedeven td,.stripe .attn {background-color: #D00}.stacktrace {white-space:pre;font-family:monospace}.totop {font-size:85%;text-align:center;border-bottom:2px solid #000}.invisible {display:none}</style>
</head>
<body>
<table>
<tr><th>Test</th><th># Passed</th><th># Skipped</th><th># Retried</th><th># Failed</th><th>Time (ms)</th><th>Included Groups</th><th>Excluded Groups</th></tr>
<tr><th colspan="8">UI Testing</th></tr>
<tr><td><a href="#t0">Test</a></td><td class="num">35</td><td class="num">0</td><td class="num">0</td><td class="num attn">7</td><td class="num">575,240</td><td></td><td></td></tr>
</table>
<table id='summary'><thead><tr><th>Class</th><th>Method</th><th>Start</th><th>Time (ms)</th></tr></thead><tbody><tr><th colspan="4">UI Testing</th></tr></tbody><tbody id="t0"><tr><th colspan="4">Test &#8212; failed</th></tr><tr class="failedeven"><td rowspan="1">FunctionalTestScript.CartPage</td><td><a href="#m0">testProceedToCheckoutButton</a></td><td rowspan="1">1743504020323</td><td rowspan="1">20199</td></tr><tr class="failedodd"><td rowspan="1">FunctionalTestScript.CheckoutPage</td><td><a href="#m1">reviewOrder</a></td><td rowspan="1">1743504046602</td><td rowspan="1">61</td></tr><tr class="failedeven"><td rowspan="2">FunctionalTestScript.ContactUs</td><td><a href="#m2">feedback</a></td><td rowspan="1">1743504046668</td><td rowspan="1">20182</td></tr><tr class="failedeven"><td><a href="#m3">verifyGetInTouchForm</a></td><td rowspan="1">1743504066866</td><td rowspan="1">30119</td></tr><tr class="failedodd"><td rowspan="1">FunctionalTestScript.Loginlogout</td><td><a href="#m4">logoutTest</a></td><td rowspan="1">1743503530471</td><td rowspan="1">6291</td></tr><tr class="failedeven"><td rowspan="2">FunctionalTestScript.ProductPageTest</td><td><a href="#m5">verifyAddToCart</a></td><td rowspan="1">1743503942084</td><td rowspan="1">20394</td></tr><tr class="failedeven"><td><a href="#m6">verifySearchProduct</a></td><td rowspan="1">1743503814759</td><td rowspan="1">4543</td></tr><tr><th colspan="4">Test &#8212; passed</th></tr><tr class="passedeven"><td rowspan="6">FunctionalTestScript.CartPage</td><td><a href="#m7">navigateCartPage</a></td><td rowspan="1">1743504017905</td><td rowspan="1">2346</td></tr><tr class="passedeven"><td><a href="#m8">navigation</a></td><td rowspan="1">1743504013660</td><td rowspan="1">1912</td></tr><tr class="passedeven"><td><a href="#m9">testCartItemTable</a></td><td rowspan="1">1743504040522</td><td rowspan="1">172</td></tr><tr class="passedeven"><td><a href="#m10">testHomeLinkPresence</a></td><td rowspan="1">1743504020283</td><td rowspan="1">38</td></tr><tr class="passedeven"><td><a href="#m11">testPageTitle</a></td><td rowspan="1">1743504020254</td><td rowspan="1">26</td></tr><tr class="passedeven"><td><a href="#m12">verifyAddToCart</a></td><td rowspan="1">1743504015583</td><td rowspan="1">2316</td></tr><tr class="passedodd"><td rowspan="4">FunctionalTestScript.CheckoutPage</td><td><a href="#m13">VerifyAddressDetails</a></td><td rowspan="1">1743504046425</td><td rowspan="1">174</td></tr><tr class="passedodd"><td><a href="#m14">navigateToCheckOutPage</a></td><td rowspan="1">1743504045028</td><td rowspan="1">1390</td></tr><tr class="passedodd"><td><a href="#m15">navigation</a></td><td rowspan="1">1743504040694</td><td rowspan="1">2513</td></tr><tr class="passedodd"><td><a href="#m16">verifyAddToCart</a></td><td rowspan="1">1743504043209</td><td rowspan="1">1814</td></tr><tr class="passedeven"><td rowspan="1">FunctionalTestScript.ContactUs</td><td><a href="#m17">verifyNavigateToContactPage</a></td><td rowspan="1">1743504096989</td><td rowspan="1">3642</td></tr><tr class="passedodd"><td rowspan="11">FunctionalTestScript.HomePageTest</td><td><a href="#m18">verifyBannerScroll</a></td><td rowspan="1">1743503694266</td><td rowspan="1">281</td></tr><tr class="passedodd"><td><a href="#m19">verifyCartButton</a></td><td rowspan="1">1743503537420</td><td rowspan="1">108</td></tr><tr class="passedodd"><td><a href="#m20">verifyContactusButton</a></td><td rowspan="1">1743503537543</td><td rowspan="1">145</td></tr><tr class="passedodd"><td><a href="#m21">verifyHomePageTitle</a></td><td rowspan="1">1743503536774</td><td rowspan="1">24</td></tr><tr class="passedodd"><td><a href="#m22">verifyLoginButton</a></td><td rowspan="1">1743503537284</td><td rowspan="1">61</td></tr><tr class="passedodd"><td><a href="#m23">verifyLogoPresence</a></td><td rowspan="1">1743503536805</td><td rowspan="1">275</td></tr><tr class="passedodd"><td><a href="#m24">verifyNavigationBar</a></td><td rowspan="1">1743503537083</td><td rowspan="1">196</td></tr><tr class="passedodd"><td><a href="#m25">verifyProductButton</a></td><td rowspan="1">1743503537349</td><td rowspan="1">65</td></tr><tr class="passedodd"><td><a href="#m26">verifyScrolldownScrollup</a></td><td rowspan="1">1743503545507</td><td rowspan="1">148755</td></tr><tr class="passedodd"><td><a href="#m27">verifyScrolldownToElement</a></td><td rowspan="1">1743503694548</td><td rowspan="1">543</td></tr><tr class="passedodd"><td><a href="#m28">verifySubscription</a></td><td rowspan="1">1743503537701</td><td rowspan="1">7802</td></tr><tr class="passedeven"><td rowspan="1">FunctionalTestScript.Loginlogout</td><td><a href="#m29">loginTest</a></td><td rowspan="1">1743503525480</td><td rowspan="1">4969</td></tr><tr class="passedodd"><td rowspan="9">FunctionalTestScript.ProductDetailPage</td><td><a href="#m30">navigation</a></td><td rowspan="1">1743504008586</td><td rowspan="1">1575</td></tr><tr class="passedodd"><td><a href="#m31">verifyAddToCart</a></td><td rowspan="1">1743504010170</td><td rowspan="1">2752</td></tr><tr class="passedodd"><td><a href="#m32">verifyAvailability</a></td><td rowspan="1">1743504012932</td><td rowspan="1">52</td></tr><tr class="passedodd"><td><a href="#m33">verifyBrand</a></td><td rowspan="1">1743504012986</td><td rowspan="1">34</td></tr><tr class="passedodd"><td><a href="#m34">verifyCondition</a></td><td rowspan="1">1743504013022</td><td rowspan="1">45</td></tr><tr class="passedodd"><td><a href="#m35">verifyProductCategory</a></td><td rowspan="1">1743504013070</td><td rowspan="1">42</td></tr><tr class="passedodd"><td><a href="#m36">verifyProductName</a></td><td rowspan="1">1743504013114</td><td rowspan="1">32</td></tr><tr class="passedodd"><td><a href="#m37">verifyProductPrice</a></td><td rowspan="1">1743504013148</td><td rowspan="1">27</td></tr><tr class="passedodd"><td><a href="#m38">verifyQuantity</a></td><td rowspan="1">1743504013176</td><td rowspan="1">482</td></tr><tr class="passedeven"><td rowspan="3">FunctionalTestScript.ProductPageTest</td><td><a href="#m39">verifyProductCategory</a></td><td rowspan="1">1743503987061</td><td rowspan="1">17128</td></tr><tr class="passedeven"><td><a href="#m40">verifySearchProductWithEnterKey</a></td><td rowspan="1">1743503935984</td><td rowspan="1">2481</td></tr><tr class="passedeven"><td><a href="#m41">verifyViewProduct</a></td><td rowspan="1">1743504006275</td><td rowspan="1">2308</td></tr></tbody>
</table>
<h2>Test</h2><h3 id="m0">FunctionalTestScript.CartPage#testProceedToCheckoutButton</h3><table class="result"><tr><th>Exception</th></tr><tr><td><div class="stacktrace">org.openqa.selenium.TimeoutException: Expected condition failed: waiting for visibility of element located by By.xpath: a[class=&apos;btn btn-default check_out&apos;] (tried for 20 second(s) with 500 milliseconds interval)
Build info: version: &apos;4.27.0&apos;, revision: &apos;d6e718d134&apos;
System info: os.name: &apos;Windows 10&apos;, os.arch: &apos;amd64&apos;, os.version: &apos;10.0&apos;, java.version: &apos;21.0.3&apos;
Driver info: org.openqa.selenium.chrome.ChromeDriver
Capabilities {acceptInsecureCerts: false, browserName: chrome, browserVersion: 134.0.6998.178, chrome: {chromedriverVersion: 134.0.6998.165 (fd886e2cb29..., userDataDir: C:\Users\asus\AppData\Local...}, fedcm:accounts: true, goog:chromeOptions: {debuggerAddress: localhost:54335}, networkConnectionEnabled: false, pageLoadStrategy: normal, platformName: windows, proxy: Proxy(), se:cdp: ws://localhost:54335/devtoo..., se:cdpVersion: 134.0.6998.178, setWindowRect: true, strictFileInteractability: false, timeouts: {implicit: 0, pageLoad: 300000, script: 30000}, unhandledPromptBehavior: dismiss and notify, webauthn:extension:credBlob: true, webauthn:extension:largeBlob: true, webauthn:extension:minPinLength: true, webauthn:extension:prf: true, webauthn:virtualAuthenticators: true}
Session ID: 6df81dbefa8be90745b904414912d0b2
	at org.openqa.selenium.support.ui.WebDriverWait.timeoutException(WebDriverWait.java:84)
	at org.openqa.selenium.support.ui.FluentWait.until(FluentWait.java:228)
	at FunctionalTestScript.CartPage.testProceedToCheckoutButton(CartPage.java:75)
	at java.base/java.util.ArrayList.forEach(ArrayList.java:1596)
... Removed 25 stack frames</div></td></tr></table><p class="totop"><a href="#summary">back to summary</a></p>
<h3 id="m1">FunctionalTestScript.CheckoutPage#reviewOrder</h3><table class="result"><tr><th>Exception</th></tr><tr><td><div class="stacktrace">java.lang.AssertionError: expected [Rs. 1000] but found [Rs. 2500]
	at FunctionalTestScript.CheckoutPage.reviewOrder(CheckoutPage.java:69)
	at java.base/java.util.ArrayList.forEach(ArrayList.java:1596)
... Removed 31 stack frames</div></td></tr></table><p class="totop"><a href="#summary">back to summary</a></p>
<h3 id="m2">FunctionalTestScript.ContactUs#feedback</h3><table class="result"><tr><th>Exception</th></tr><tr><td><div class="stacktrace">org.openqa.selenium.TimeoutException: Expected condition failed: waiting for visibility of element located by By.xpath: //*[text()=&apos;feedback@automationexercise.com&apos;] (tried for 20 second(s) with 500 milliseconds interval)
Build info: version: &apos;4.27.0&apos;, revision: &apos;d6e718d134&apos;
System info: os.name: &apos;Windows 10&apos;, os.arch: &apos;amd64&apos;, os.version: &apos;10.0&apos;, java.version: &apos;21.0.3&apos;
Driver info: org.openqa.selenium.chrome.ChromeDriver
Capabilities {acceptInsecureCerts: false, browserName: chrome, browserVersion: 134.0.6998.178, chrome: {chromedriverVersion: 134.0.6998.165 (fd886e2cb29..., userDataDir: C:\Users\asus\AppData\Local...}, fedcm:accounts: true, goog:chromeOptions: {debuggerAddress: localhost:54335}, networkConnectionEnabled: false, pageLoadStrategy: normal, platformName: windows, proxy: Proxy(), se:cdp: ws://localhost:54335/devtoo..., se:cdpVersion: 134.0.6998.178, setWindowRect: true, strictFileInteractability: false, timeouts: {implicit: 0, pageLoad: 300000, script: 30000}, unhandledPromptBehavior: dismiss and notify, webauthn:extension:credBlob: true, webauthn:extension:largeBlob: true, webauthn:extension:minPinLength: true, webauthn:extension:prf: true, webauthn:virtualAuthenticators: true}
Session ID: 6df81dbefa8be90745b904414912d0b2
	at org.openqa.selenium.support.ui.WebDriverWait.timeoutException(WebDriverWait.java:84)
	at org.openqa.selenium.support.ui.FluentWait.until(FluentWait.java:228)
	at FunctionalTestScript.ContactUs.feedback(ContactUs.java:50)
	at java.base/java.util.ArrayList.forEach(ArrayList.java:1596)
... Removed 25 stack frames</div></td></tr></table><p class="totop"><a href="#summary">back to summary</a></p>
<h3 id="m3">FunctionalTestScript.ContactUs#verifyGetInTouchForm</h3><table class="result"><tr><th>Exception</th></tr><tr><td><div class="stacktrace">org.openqa.selenium.TimeoutException: Expected condition failed: waiting for visibility of element located by By.xpath: //input[@type=&apos;text&apos; and @name=&apos;name&apos;] (tried for 30 second(s) with 500 milliseconds interval)
Build info: version: &apos;4.27.0&apos;, revision: &apos;d6e718d134&apos;
System info: os.name: &apos;Windows 10&apos;, os.arch: &apos;amd64&apos;, os.version: &apos;10.0&apos;, java.version: &apos;21.0.3&apos;
Driver info: org.openqa.selenium.chrome.ChromeDriver
Capabilities {acceptInsecureCerts: false, browserName: chrome, browserVersion: 134.0.6998.178, chrome: {chromedriverVersion: 134.0.6998.165 (fd886e2cb29..., userDataDir: C:\Users\asus\AppData\Local...}, fedcm:accounts: true, goog:chromeOptions: {debuggerAddress: localhost:54335}, networkConnectionEnabled: false, pageLoadStrategy: normal, platformName: windows, proxy: Proxy(), se:cdp: ws://localhost:54335/devtoo..., se:cdpVersion: 134.0.6998.178, setWindowRect: true, strictFileInteractability: false, timeouts: {implicit: 0, pageLoad: 300000, script: 30000}, unhandledPromptBehavior: dismiss and notify, webauthn:extension:credBlob: true, webauthn:extension:largeBlob: true, webauthn:extension:minPinLength: true, webauthn:extension:prf: true, webauthn:virtualAuthenticators: true}
Session ID: 6df81dbefa8be90745b904414912d0b2
	at org.openqa.selenium.support.ui.WebDriverWait.timeoutException(WebDriverWait.java:84)
	at org.openqa.selenium.support.ui.FluentWait.until(FluentWait.java:228)
	at FunctionalTestScript.ContactUs.verifyGetInTouchForm(ContactUs.java:25)
	at java.base/java.util.ArrayList.forEach(ArrayList.java:1596)
... Removed 25 stack frames</div></td></tr></table><p class="totop"><a href="#summary">back to summary</a></p>
<h3 id="m4">FunctionalTestScript.Loginlogout#logoutTest</h3><table class="result"><tr><th>Exception</th></tr><tr><td><div class="stacktrace">org.openqa.selenium.StaleElementReferenceException: stale element reference: stale element not found
  (Session info: chrome=134.0.6998.178)
For documentation on this error, please visit: https://www.selenium.dev/documentation/webdriver/troubleshooting/errors#stale-element-reference-exception
Build info: version: &apos;4.27.0&apos;, revision: &apos;d6e718d134&apos;
System info: os.name: &apos;Windows 10&apos;, os.arch: &apos;amd64&apos;, os.version: &apos;10.0&apos;, java.version: &apos;21.0.3&apos;
Driver info: org.openqa.selenium.chrome.ChromeDriver
Command: [6df81dbefa8be90745b904414912d0b2, getElementText {id=f.10ABE2A85ED886E8255EF4A2BED4F315.d.377142711A3ABDB16C5A5C626354F55E.e.59}]
Capabilities {acceptInsecureCerts: false, browserName: chrome, browserVersion: 134.0.6998.178, chrome: {chromedriverVersion: 134.0.6998.165 (fd886e2cb29..., userDataDir: C:\Users\asus\AppData\Local...}, fedcm:accounts: true, goog:chromeOptions: {debuggerAddress: localhost:54335}, networkConnectionEnabled: false, pageLoadStrategy: normal, platformName: windows, proxy: Proxy(), se:cdp: ws://localhost:54335/devtoo..., se:cdpVersion: 134.0.6998.178, setWindowRect: true, strictFileInteractability: false, timeouts: {implicit: 0, pageLoad: 300000, script: 30000}, unhandledPromptBehavior: dismiss and notify, webauthn:extension:credBlob: true, webauthn:extension:largeBlob: true, webauthn:extension:minPinLength: true, webauthn:extension:prf: true, webauthn:virtualAuthenticators: true}
Element: [[ChromeDriver: chrome on windows (6df81dbefa8be90745b904414912d0b2)] -&gt; xpath: //*[@id=&quot;header&quot;]/div/div/div/div[2]/div/ul/li[4]/a]
Session ID: 6df81dbefa8be90745b904414912d0b2
	at org.openqa.selenium.remote.ErrorCodec.decode(ErrorCodec.java:167)
	at org.openqa.selenium.remote.codec.w3c.W3CHttpResponseCodec.decode(W3CHttpResponseCodec.java:138)
	at org.openqa.selenium.remote.codec.w3c.W3CHttpResponseCodec.decode(W3CHttpResponseCodec.java:50)
	at org.openqa.selenium.remote.HttpCommandExecutor.execute(HttpCommandExecutor.java:190)
	at org.openqa.selenium.remote.service.DriverCommandExecutor.invokeExecute(DriverCommandExecutor.java:216)
	at org.openqa.selenium.remote.service.DriverCommandExecutor.execute(DriverCommandExecutor.java:174)
	at org.openqa.selenium.remote.RemoteWebDriver.execute(RemoteWebDriver.java:545)
	at org.openqa.selenium.remote.RemoteWebElement.execute(RemoteWebElement.java:223)
	at org.openqa.selenium.remote.RemoteWebElement.getText(RemoteWebElement.java:191)
	at FunctionalTestScript.Loginlogout.logoutTest(Loginlogout.java:27)
	at java.base/java.util.ArrayList.forEach(ArrayList.java:1596)
... Removed 28 stack frames</div></td></tr></table><p class="totop"><a href="#summary">back to summary</a></p>
<h3 id="m5">FunctionalTestScript.ProductPageTest#verifyAddToCart</h3><table class="result"><tr><th>Exception</th></tr><tr><td><div class="stacktrace">org.openqa.selenium.TimeoutException: Expected condition failed: waiting for element to be clickable: By.xpath: /html/body/section[2]/div/div/div[2]/div/div[2]/div/div[1]/div[2]/div/a (tried for 20 second(s) with 500 milliseconds interval)
Build info: version: &apos;4.27.0&apos;, revision: &apos;d6e718d134&apos;
System info: os.name: &apos;Windows 10&apos;, os.arch: &apos;amd64&apos;, os.version: &apos;10.0&apos;, java.version: &apos;21.0.3&apos;
Driver info: org.openqa.selenium.chrome.ChromeDriver
Capabilities {acceptInsecureCerts: false, browserName: chrome, browserVersion: 134.0.6998.178, chrome: {chromedriverVersion: 134.0.6998.165 (fd886e2cb29..., userDataDir: C:\Users\asus\AppData\Local...}, fedcm:accounts: true, goog:chromeOptions: {debuggerAddress: localhost:54335}, networkConnectionEnabled: false, pageLoadStrategy: normal, platformName: windows, proxy: Proxy(), se:cdp: ws://localhost:54335/devtoo..., se:cdpVersion: 134.0.6998.178, setWindowRect: true, strictFileInteractability: false, timeouts: {implicit: 0, pageLoad: 300000, script: 30000}, unhandledPromptBehavior: dismiss and notify, webauthn:extension:credBlob: true, webauthn:extension:largeBlob: true, webauthn:extension:minPinLength: true, webauthn:extension:prf: true, webauthn:virtualAuthenticators: true}
Session ID: 6df81dbefa8be90745b904414912d0b2
	at org.openqa.selenium.support.ui.WebDriverWait.timeoutException(WebDriverWait.java:84)
	at org.openqa.selenium.support.ui.FluentWait.until(FluentWait.java:228)
	at FunctionalTestScript.ProductPageTest.verifyAddToCart(ProductPageTest.java:57)
	at java.base/java.util.ArrayList.forEach(ArrayList.java:1596)
... Removed 25 stack frames</div></td></tr></table><p class="totop"><a href="#summary">back to summary</a></p>
<h3 id="m6">FunctionalTestScript.ProductPageTest#verifySearchProduct</h3><table class="result"><tr><th>Exception</th></tr><tr><td><div class="stacktrace">org.openqa.selenium.StaleElementReferenceException: stale element reference: stale element not found
  (Session info: chrome=134.0.6998.178)
For documentation on this error, please visit: https://www.selenium.dev/documentation/webdriver/troubleshooting/errors#stale-element-reference-exception
Build info: version: &apos;4.27.0&apos;, revision: &apos;d6e718d134&apos;
System info: os.name: &apos;Windows 10&apos;, os.arch: &apos;amd64&apos;, os.version: &apos;10.0&apos;, java.version: &apos;21.0.3&apos;
Driver info: org.openqa.selenium.chrome.ChromeDriver
Command: [6df81dbefa8be90745b904414912d0b2, clearElement {id=f.10ABE2A85ED886E8255EF4A2BED4F315.d.209E7445E68EF370C7B1E81576AA42EF.e.135}]
Capabilities {acceptInsecureCerts: false, browserName: chrome, browserVersion: 134.0.6998.178, chrome: {chromedriverVersion: 134.0.6998.165 (fd886e2cb29..., userDataDir: C:\Users\asus\AppData\Local...}, fedcm:accounts: true, goog:chromeOptions: {debuggerAddress: localhost:54335}, networkConnectionEnabled: false, pageLoadStrategy: normal, platformName: windows, proxy: Proxy(), se:cdp: ws://localhost:54335/devtoo..., se:cdpVersion: 134.0.6998.178, setWindowRect: true, strictFileInteractability: false, timeouts: {implicit: 0, pageLoad: 300000, script: 30000}, unhandledPromptBehavior: dismiss and notify, webauthn:extension:credBlob: true, webauthn:extension:largeBlob: true, webauthn:extension:minPinLength: true, webauthn:extension:prf: true, webauthn:virtualAuthenticators: true}
Element: [[ChromeDriver: chrome on windows (6df81dbefa8be90745b904414912d0b2)] -&gt; xpath: //*[@id=&quot;search_product&quot;]]
Session ID: 6df81dbefa8be90745b904414912d0b2
	at org.openqa.selenium.remote.ErrorCodec.decode(ErrorCodec.java:167)
	at org.openqa.selenium.remote.codec.w3c.W3CHttpResponseCodec.decode(W3CHttpResponseCodec.java:138)
	at org.openqa.selenium.remote.codec.w3c.W3CHttpResponseCodec.decode(W3CHttpResponseCodec.java:50)
	at org.openqa.selenium.remote.HttpCommandExecutor.execute(HttpCommandExecutor.java:190)
	at org.openqa.selenium.remote.service.DriverCommandExecutor.invokeExecute(DriverCommandExecutor.java:216)
	at org.openqa.selenium.remote.service.DriverCommandExecutor.execute(DriverCommandExecutor.java:174)
	at org.openqa.selenium.remote.RemoteWebDriver.execute(RemoteWebDriver.java:545)
	at org.openqa.selenium.remote.RemoteWebElement.execute(RemoteWebElement.java:223)
	at org.openqa.selenium.remote.RemoteWebElement.clear(RemoteWebElement.java:129)
	at FunctionalTestScript.ProductPageTest.verifySearchProduct(ProductPageTest.java:41)
	at java.base/java.util.ArrayList.forEach(ArrayList.java:1596)
... Removed 28 stack frames</div></td></tr></table><p class="totop"><a href="#summary">back to summary</a></p>
<h3 id="m7">FunctionalTestScript.CartPage#navigateCartPage</h3><table class="result"><tr><th class="invisible"/></tr></table><p class="totop"><a href="#summary">back to summary</a></p>
<h3 id="m8">FunctionalTestScript.CartPage#navigation</h3><table class="result"><tr><th class="invisible"/></tr></table><p class="totop"><a href="#summary">back to summary</a></p>
<h3 id="m9">FunctionalTestScript.CartPage#testCartItemTable</h3><table class="result"><tr><th class="invisible"/></tr></table><p class="totop"><a href="#summary">back to summary</a></p>
<h3 id="m10">FunctionalTestScript.CartPage#testHomeLinkPresence</h3><table class="result"><tr><th class="invisible"/></tr></table><p class="totop"><a href="#summary">back to summary</a></p>
<h3 id="m11">FunctionalTestScript.CartPage#testPageTitle</h3><table class="result"><tr><th class="invisible"/></tr></table><p class="totop"><a href="#summary">back to summary</a></p>
<h3 id="m12">FunctionalTestScript.CartPage#verifyAddToCart</h3><table class="result"><tr><th class="invisible"/></tr></table><p class="totop"><a href="#summary">back to summary</a></p>
<h3 id="m13">FunctionalTestScript.CheckoutPage#VerifyAddressDetails</h3><table class="result"><tr><th class="invisible"/></tr></table><p class="totop"><a href="#summary">back to summary</a></p>
<h3 id="m14">FunctionalTestScript.CheckoutPage#navigateToCheckOutPage</h3><table class="result"><tr><th class="invisible"/></tr></table><p class="totop"><a href="#summary">back to summary</a></p>
<h3 id="m15">FunctionalTestScript.CheckoutPage#navigation</h3><table class="result"><tr><th class="invisible"/></tr></table><p class="totop"><a href="#summary">back to summary</a></p>
<h3 id="m16">FunctionalTestScript.CheckoutPage#verifyAddToCart</h3><table class="result"><tr><th class="invisible"/></tr></table><p class="totop"><a href="#summary">back to summary</a></p>
<h3 id="m17">FunctionalTestScript.ContactUs#verifyNavigateToContactPage</h3><table class="result"><tr><th class="invisible"/></tr></table><p class="totop"><a href="#summary">back to summary</a></p>
<h3 id="m18">FunctionalTestScript.HomePageTest#verifyBannerScroll</h3><table class="result"><tr><th class="invisible"/></tr></table><p class="totop"><a href="#summary">back to summary</a></p>
<h3 id="m19">FunctionalTestScript.HomePageTest#verifyCartButton</h3><table class="result"><tr><th class="invisible"/></tr></table><p class="totop"><a href="#summary">back to summary</a></p>
<h3 id="m20">FunctionalTestScript.HomePageTest#verifyContactusButton</h3><table class="result"><tr><th class="invisible"/></tr></table><p class="totop"><a href="#summary">back to summary</a></p>
<h3 id="m21">FunctionalTestScript.HomePageTest#verifyHomePageTitle</h3><table class="result"><tr><th class="invisible"/></tr></table><p class="totop"><a href="#summary">back to summary</a></p>
<h3 id="m22">FunctionalTestScript.HomePageTest#verifyLoginButton</h3><table class="result"><tr><th class="invisible"/></tr></table><p class="totop"><a href="#summary">back to summary</a></p>
<h3 id="m23">FunctionalTestScript.HomePageTest#verifyLogoPresence</h3><table class="result"><tr><th class="invisible"/></tr></table><p class="totop"><a href="#summary">back to summary</a></p>
<h3 id="m24">FunctionalTestScript.HomePageTest#verifyNavigationBar</h3><table class="result"><tr><th class="invisible"/></tr></table><p class="totop"><a href="#summary">back to summary</a></p>
<h3 id="m25">FunctionalTestScript.HomePageTest#verifyProductButton</h3><table class="result"><tr><th class="invisible"/></tr></table><p class="totop"><a href="#summary">back to summary</a></p>
<h3 id="m26">FunctionalTestScript.HomePageTest#verifyScrolldownScrollup</h3><table class="result"><tr><th class="invisible"/></tr></table><p class="totop"><a href="#summary">back to summary</a></p>
<h3 id="m27">FunctionalTestScript.HomePageTest#verifyScrolldownToElement</h3><table class="result"><tr><th class="invisible"/></tr></table><p class="totop"><a href="#summary">back to summary</a></p>
<h3 id="m28">FunctionalTestScript.HomePageTest#verifySubscription</h3><table class="result"><tr><th class="invisible"/></tr></table><p class="totop"><a href="#summary">back to summary</a></p>
<h3 id="m29">FunctionalTestScript.Loginlogout#loginTest</h3><table class="result"><tr><th class="invisible"/></tr></table><p class="totop"><a href="#summary">back to summary</a></p>
<h3 id="m30">FunctionalTestScript.ProductDetailPage#navigation</h3><table class="result"><tr><th class="invisible"/></tr></table><p class="totop"><a href="#summary">back to summary</a></p>
<h3 id="m31">FunctionalTestScript.ProductDetailPage#verifyAddToCart</h3><table class="result"><tr><th class="invisible"/></tr></table><p class="totop"><a href="#summary">back to summary</a></p>
<h3 id="m32">FunctionalTestScript.ProductDetailPage#verifyAvailability</h3><table class="result"><tr><th class="invisible"/></tr></table><p class="totop"><a href="#summary">back to summary</a></p>
<h3 id="m33">FunctionalTestScript.ProductDetailPage#verifyBrand</h3><table class="result"><tr><th class="invisible"/></tr></table><p class="totop"><a href="#summary">back to summary</a></p>
<h3 id="m34">FunctionalTestScript.ProductDetailPage#verifyCondition</h3><table class="result"><tr><th class="invisible"/></tr></table><p class="totop"><a href="#summary">back to summary</a></p>
<h3 id="m35">FunctionalTestScript.ProductDetailPage#verifyProductCategory</h3><table class="result"><tr><th class="invisible"/></tr></table><p class="totop"><a href="#summary">back to summary</a></p>
<h3 id="m36">FunctionalTestScript.ProductDetailPage#verifyProductName</h3><table class="result"><tr><th class="invisible"/></tr></table><p class="totop"><a href="#summary">back to summary</a></p>
<h3 id="m37">FunctionalTestScript.ProductDetailPage#verifyProductPrice</h3><table class="result"><tr><th class="invisible"/></tr></table><p class="totop"><a href="#summary">back to summary</a></p>
<h3 id="m38">FunctionalTestScript.ProductDetailPage#verifyQuantity</h3><table class="result"><tr><th class="invisible"/></tr></table><p class="totop"><a href="#summary">back to summary</a></p>
<h3 id="m39">FunctionalTestScript.ProductPageTest#verifyProductCategory</h3><table class="result"><tr><th class="invisible"/></tr></table><p class="totop"><a href="#summary">back to summary</a></p>
<h3 id="m40">FunctionalTestScript.ProductPageTest#verifySearchProductWithEnterKey</h3><table class="result"><tr><th class="invisible"/></tr></table><p class="totop"><a href="#summary">back to summary</a></p>
<h3 id="m41">FunctionalTestScript.ProductPageTest#verifyViewProduct</h3><table class="result"><tr><th class="invisible"/></tr></table><p class="totop"><a href="#summary">back to summary</a></p>
</body>
</html>
