<!DOCTYPE html>

<html>
  <head>
  <meta charset='utf-8'>
  <title>TestNG reports</title>

    <link type="text/css" href="testng-reports1.css" rel="stylesheet" id="ultra" />
    <link type="text/css" href="testng-reports.css" rel="stylesheet" id="retro" disabled="false"/>
    <script type="text/javascript" src="jquery-3.6.0.min.js"></script>
    <script type="text/javascript" src="testng-reports.js"></script>
    <script type="text/javascript" src="https://www.google.com/jsapi"></script>
    <script type='text/javascript'>
      google.load('visualization', '1', {packages:['table']});
      google.setOnLoadCallback(drawTable);
      var suiteTableInitFunctions = new Array();
      var suiteTableData = new Array();
    </script>
    <!--
      <script type="text/javascript" src="jquery-ui/js/jquery-ui-1.8.16.custom.min.js"></script>
     -->
  </head>

  <body>    <div class="top-banner-root">
      <span class="top-banner-title-font">Test results</span>
      <button id="button" class="button">Switch Retro Theme</button> <!-- button -->
      <br/>
      <span class="top-banner-font-1">1 suite, 7 failed tests</span>
    </div> <!-- top-banner-root -->
    <div class="navigator-root">
      <div class="navigator-suite-header">
        <span>All suites</span>
        <a href="#" title="Collapse/expand all the suites" class="collapse-all-link">
          <img src="collapseall.gif" class="collapse-all-icon">
          </img> <!-- collapse-all-icon -->
        </a> <!-- collapse-all-link -->
      </div> <!-- navigator-suite-header -->
      <div class="suite">
        <div class="rounded-window">
          <div class="suite-header light-rounded-window-top">
            <a href="#" panel-name="suite-UI_Testing" class="navigator-link">
              <span class="suite-name border-failed">UI Testing</span>
            </a> <!-- navigator-link -->
          </div> <!-- suite-header light-rounded-window-top -->
          <div class="navigator-suite-content">
            <div class="suite-section-title">
              <span>Info</span>
            </div> <!-- suite-section-title -->
            <div class="suite-section-content">
              <ul>
                <li>
                  <a href="#" panel-name="test-xml-UI_Testing" class="navigator-link ">
                    <span>C:\eclipse_workspace\TestAutomationExercise\Testsuit.xml</span>
                  </a> <!-- navigator-link  -->
                </li>
                <li>
                  <a href="#" panel-name="testlist-UI_Testing" class="navigator-link ">
                    <span class="test-stats">1 test</span>
                  </a> <!-- navigator-link  -->
                </li>
                <li>
                  <a href="#" panel-name="group-UI_Testing" class="navigator-link ">
                    <span>0 groups</span>
                  </a> <!-- navigator-link  -->
                </li>
                <li>
                  <a href="#" panel-name="times-UI_Testing" class="navigator-link ">
                    <span>Times</span>
                  </a> <!-- navigator-link  -->
                </li>
                <li>
                  <a href="#" panel-name="reporter-UI_Testing" class="navigator-link ">
                    <span>Reporter output</span>
                  </a> <!-- navigator-link  -->
                </li>
                <li>
                  <a href="#" panel-name="ignored-methods-UI_Testing" class="navigator-link ">
                    <span>Ignored methods</span>
                  </a> <!-- navigator-link  -->
                </li>
                <li>
                  <a href="#" panel-name="chronological-UI_Testing" class="navigator-link ">
                    <span>Chronological view</span>
                  </a> <!-- navigator-link  -->
                </li>
              </ul>
            </div> <!-- suite-section-content -->
            <div class="result-section">
              <div class="suite-section-title">
                <span>Results</span>
              </div> <!-- suite-section-title -->
              <div class="suite-section-content">
                <ul>
                  <li>
                    <span class="method-stats">42 methods, 7 failed,   35 passed</span>
                  </li>
                  <li>
                    <span class="method-list-title failed">Failed methods</span>
                    <span class="show-or-hide-methods failed">
                      <a href="#" panel-name="suite-UI_Testing" class="hide-methods failed suite-UI_Testing"> (hide)</a> <!-- hide-methods failed suite-UI_Testing -->
                      <a href="#" panel-name="suite-UI_Testing" class="show-methods failed suite-UI_Testing"> (show)</a> <!-- show-methods failed suite-UI_Testing -->
                    </span>
                    <div class="method-list-content failed suite-UI_Testing">
                      <span>
                        <img src="failed.png" width="3%"/>
                        <a href="#" panel-name="suite-UI_Testing" title="FunctionalTestScript.ContactUs" class="method navigator-link" hash-for-method="feedback">feedback</a> <!-- method navigator-link -->
                      </span>
                      <br/>
                      <span>
                        <img src="failed.png" width="3%"/>
                        <a href="#" panel-name="suite-UI_Testing" title="FunctionalTestScript.Loginlogout" class="method navigator-link" hash-for-method="logoutTest">logoutTest</a> <!-- method navigator-link -->
                      </span>
                      <br/>
                      <span>
                        <img src="failed.png" width="3%"/>
                        <a href="#" panel-name="suite-UI_Testing" title="FunctionalTestScript.CheckoutPage" class="method navigator-link" hash-for-method="reviewOrder">reviewOrder</a> <!-- method navigator-link -->
                      </span>
                      <br/>
                      <span>
                        <img src="failed.png" width="3%"/>
                        <a href="#" panel-name="suite-UI_Testing" title="FunctionalTestScript.CartPage" class="method navigator-link" hash-for-method="testProceedToCheckoutButton">testProceedToCheckoutButton</a> <!-- method navigator-link -->
                      </span>
                      <br/>
                      <span>
                        <img src="failed.png" width="3%"/>
                        <a href="#" panel-name="suite-UI_Testing" title="FunctionalTestScript.ProductPageTest" class="method navigator-link" hash-for-method="verifyAddToCart">verifyAddToCart</a> <!-- method navigator-link -->
                      </span>
                      <br/>
                      <span>
                        <img src="failed.png" width="3%"/>
                        <a href="#" panel-name="suite-UI_Testing" title="FunctionalTestScript.ContactUs" class="method navigator-link" hash-for-method="verifyGetInTouchForm">verifyGetInTouchForm</a> <!-- method navigator-link -->
                      </span>
                      <br/>
                      <span>
                        <img src="failed.png" width="3%"/>
                        <a href="#" panel-name="suite-UI_Testing" title="FunctionalTestScript.ProductPageTest" class="method navigator-link" hash-for-method="verifySearchProduct">verifySearchProduct</a> <!-- method navigator-link -->
                      </span>
                      <br/>
                    </div> <!-- method-list-content failed suite-UI_Testing -->
                  </li>
                  <li>
                    <span class="method-list-title passed">Passed methods</span>
                    <span class="show-or-hide-methods passed">
                      <a href="#" panel-name="suite-UI_Testing" class="hide-methods passed suite-UI_Testing"> (hide)</a> <!-- hide-methods passed suite-UI_Testing -->
                      <a href="#" panel-name="suite-UI_Testing" class="show-methods passed suite-UI_Testing"> (show)</a> <!-- show-methods passed suite-UI_Testing -->
                    </span>
                    <div class="method-list-content passed suite-UI_Testing">
                      <span>
                        <img src="passed.png" width="3%"/>
                        <a href="#" panel-name="suite-UI_Testing" title="FunctionalTestScript.CheckoutPage" class="method navigator-link" hash-for-method="VerifyAddressDetails">VerifyAddressDetails</a> <!-- method navigator-link -->
                      </span>
                      <br/>
                      <span>
                        <img src="passed.png" width="3%"/>
                        <a href="#" panel-name="suite-UI_Testing" title="FunctionalTestScript.Loginlogout" class="method navigator-link" hash-for-method="loginTest">loginTest</a> <!-- method navigator-link -->
                      </span>
                      <br/>
                      <span>
                        <img src="passed.png" width="3%"/>
                        <a href="#" panel-name="suite-UI_Testing" title="FunctionalTestScript.CartPage" class="method navigator-link" hash-for-method="navigateCartPage">navigateCartPage</a> <!-- method navigator-link -->
                      </span>
                      <br/>
                      <span>
                        <img src="passed.png" width="3%"/>
                        <a href="#" panel-name="suite-UI_Testing" title="FunctionalTestScript.CheckoutPage" class="method navigator-link" hash-for-method="navigateToCheckOutPage">navigateToCheckOutPage</a> <!-- method navigator-link -->
                      </span>
                      <br/>
                      <span>
                        <img src="passed.png" width="3%"/>
                        <a href="#" panel-name="suite-UI_Testing" title="FunctionalTestScript.ProductDetailPage" class="method navigator-link" hash-for-method="navigation">navigation</a> <!-- method navigator-link -->
                      </span>
                      <br/>
                      <span>
                        <img src="passed.png" width="3%"/>
                        <a href="#" panel-name="suite-UI_Testing" title="FunctionalTestScript.CheckoutPage" class="method navigator-link" hash-for-method="navigation">navigation</a> <!-- method navigator-link -->
                      </span>
                      <br/>
                      <span>
                        <img src="passed.png" width="3%"/>
                        <a href="#" panel-name="suite-UI_Testing" title="FunctionalTestScript.CartPage" class="method navigator-link" hash-for-method="navigation">navigation</a> <!-- method navigator-link -->
                      </span>
                      <br/>
                      <span>
                        <img src="passed.png" width="3%"/>
                        <a href="#" panel-name="suite-UI_Testing" title="FunctionalTestScript.CartPage" class="method navigator-link" hash-for-method="testCartItemTable">testCartItemTable</a> <!-- method navigator-link -->
                      </span>
                      <br/>
                      <span>
                        <img src="passed.png" width="3%"/>
                        <a href="#" panel-name="suite-UI_Testing" title="FunctionalTestScript.CartPage" class="method navigator-link" hash-for-method="testHomeLinkPresence">testHomeLinkPresence</a> <!-- method navigator-link -->
                      </span>
                      <br/>
                      <span>
                        <img src="passed.png" width="3%"/>
                        <a href="#" panel-name="suite-UI_Testing" title="FunctionalTestScript.CartPage" class="method navigator-link" hash-for-method="testPageTitle">testPageTitle</a> <!-- method navigator-link -->
                      </span>
                      <br/>
                      <span>
                        <img src="passed.png" width="3%"/>
                        <a href="#" panel-name="suite-UI_Testing" title="FunctionalTestScript.CartPage" class="method navigator-link" hash-for-method="verifyAddToCart">verifyAddToCart</a> <!-- method navigator-link -->
                      </span>
                      <br/>
                      <span>
                        <img src="passed.png" width="3%"/>
                        <a href="#" panel-name="suite-UI_Testing" title="FunctionalTestScript.ProductDetailPage" class="method navigator-link" hash-for-method="verifyAddToCart">verifyAddToCart</a> <!-- method navigator-link -->
                      </span>
                      <br/>
                      <span>
                        <img src="passed.png" width="3%"/>
                        <a href="#" panel-name="suite-UI_Testing" title="FunctionalTestScript.CheckoutPage" class="method navigator-link" hash-for-method="verifyAddToCart">verifyAddToCart</a> <!-- method navigator-link -->
                      </span>
                      <br/>
                      <span>
                        <img src="passed.png" width="3%"/>
                        <a href="#" panel-name="suite-UI_Testing" title="FunctionalTestScript.ProductDetailPage" class="method navigator-link" hash-for-method="verifyAvailability">verifyAvailability</a> <!-- method navigator-link -->
                      </span>
                      <br/>
                      <span>
                        <img src="passed.png" width="3%"/>
                        <a href="#" panel-name="suite-UI_Testing" title="FunctionalTestScript.HomePageTest" class="method navigator-link" hash-for-method="verifyBannerScroll">verifyBannerScroll</a> <!-- method navigator-link -->
                      </span>
                      <br/>
                      <span>
                        <img src="passed.png" width="3%"/>
                        <a href="#" panel-name="suite-UI_Testing" title="FunctionalTestScript.ProductDetailPage" class="method navigator-link" hash-for-method="verifyBrand">verifyBrand</a> <!-- method navigator-link -->
                      </span>
                      <br/>
                      <span>
                        <img src="passed.png" width="3%"/>
                        <a href="#" panel-name="suite-UI_Testing" title="FunctionalTestScript.HomePageTest" class="method navigator-link" hash-for-method="verifyCartButton">verifyCartButton</a> <!-- method navigator-link -->
                      </span>
                      <br/>
                      <span>
                        <img src="passed.png" width="3%"/>
                        <a href="#" panel-name="suite-UI_Testing" title="FunctionalTestScript.ProductDetailPage" class="method navigator-link" hash-for-method="verifyCondition">verifyCondition</a> <!-- method navigator-link -->
                      </span>
                      <br/>
                      <span>
                        <img src="passed.png" width="3%"/>
                        <a href="#" panel-name="suite-UI_Testing" title="FunctionalTestScript.HomePageTest" class="method navigator-link" hash-for-method="verifyContactusButton">verifyContactusButton</a> <!-- method navigator-link -->
                      </span>
                      <br/>
                      <span>
                        <img src="passed.png" width="3%"/>
                        <a href="#" panel-name="suite-UI_Testing" title="FunctionalTestScript.HomePageTest" class="method navigator-link" hash-for-method="verifyHomePageTitle">verifyHomePageTitle</a> <!-- method navigator-link -->
                      </span>
                      <br/>
                      <span>
                        <img src="passed.png" width="3%"/>
                        <a href="#" panel-name="suite-UI_Testing" title="FunctionalTestScript.HomePageTest" class="method navigator-link" hash-for-method="verifyLoginButton">verifyLoginButton</a> <!-- method navigator-link -->
                      </span>
                      <br/>
                      <span>
                        <img src="passed.png" width="3%"/>
                        <a href="#" panel-name="suite-UI_Testing" title="FunctionalTestScript.HomePageTest" class="method navigator-link" hash-for-method="verifyLogoPresence">verifyLogoPresence</a> <!-- method navigator-link -->
                      </span>
                      <br/>
                      <span>
                        <img src="passed.png" width="3%"/>
                        <a href="#" panel-name="suite-UI_Testing" title="FunctionalTestScript.ContactUs" class="method navigator-link" hash-for-method="verifyNavigateToContactPage">verifyNavigateToContactPage</a> <!-- method navigator-link -->
                      </span>
                      <br/>
                      <span>
                        <img src="passed.png" width="3%"/>
                        <a href="#" panel-name="suite-UI_Testing" title="FunctionalTestScript.HomePageTest" class="method navigator-link" hash-for-method="verifyNavigationBar">verifyNavigationBar</a> <!-- method navigator-link -->
                      </span>
                      <br/>
                      <span>
                        <img src="passed.png" width="3%"/>
                        <a href="#" panel-name="suite-UI_Testing" title="FunctionalTestScript.HomePageTest" class="method navigator-link" hash-for-method="verifyProductButton">verifyProductButton</a> <!-- method navigator-link -->
                      </span>
                      <br/>
                      <span>
                        <img src="passed.png" width="3%"/>
                        <a href="#" panel-name="suite-UI_Testing" title="FunctionalTestScript.ProductPageTest" class="method navigator-link" hash-for-method="verifyProductCategory">verifyProductCategory</a> <!-- method navigator-link -->
                      </span>
                      <br/>
                      <span>
                        <img src="passed.png" width="3%"/>
                        <a href="#" panel-name="suite-UI_Testing" title="FunctionalTestScript.ProductDetailPage" class="method navigator-link" hash-for-method="verifyProductCategory">verifyProductCategory</a> <!-- method navigator-link -->
                      </span>
                      <br/>
                      <span>
                        <img src="passed.png" width="3%"/>
                        <a href="#" panel-name="suite-UI_Testing" title="FunctionalTestScript.ProductDetailPage" class="method navigator-link" hash-for-method="verifyProductName">verifyProductName</a> <!-- method navigator-link -->
                      </span>
                      <br/>
                      <span>
                        <img src="passed.png" width="3%"/>
                        <a href="#" panel-name="suite-UI_Testing" title="FunctionalTestScript.ProductDetailPage" class="method navigator-link" hash-for-method="verifyProductPrice">verifyProductPrice</a> <!-- method navigator-link -->
                      </span>
                      <br/>
                      <span>
                        <img src="passed.png" width="3%"/>
                        <a href="#" panel-name="suite-UI_Testing" title="FunctionalTestScript.ProductDetailPage" class="method navigator-link" hash-for-method="verifyQuantity">verifyQuantity</a> <!-- method navigator-link -->
                      </span>
                      <br/>
                      <span>
                        <img src="passed.png" width="3%"/>
                        <a href="#" panel-name="suite-UI_Testing" title="FunctionalTestScript.HomePageTest" class="method navigator-link" hash-for-method="verifyScrolldownScrollup">verifyScrolldownScrollup</a> <!-- method navigator-link -->
                      </span>
                      <br/>
                      <span>
                        <img src="passed.png" width="3%"/>
                        <a href="#" panel-name="suite-UI_Testing" title="FunctionalTestScript.HomePageTest" class="method navigator-link" hash-for-method="verifyScrolldownToElement">verifyScrolldownToElement</a> <!-- method navigator-link -->
                      </span>
                      <br/>
                      <span>
                        <img src="passed.png" width="3%"/>
                        <a href="#" panel-name="suite-UI_Testing" title="FunctionalTestScript.ProductPageTest" class="method navigator-link" hash-for-method="verifySearchProductWithEnterKey">verifySearchProductWithEnterKey</a> <!-- method navigator-link -->
                      </span>
                      <br/>
                      <span>
                        <img src="passed.png" width="3%"/>
                        <a href="#" panel-name="suite-UI_Testing" title="FunctionalTestScript.HomePageTest" class="method navigator-link" hash-for-method="verifySubscription">verifySubscription</a> <!-- method navigator-link -->
                      </span>
                      <br/>
                      <span>
                        <img src="passed.png" width="3%"/>
                        <a href="#" panel-name="suite-UI_Testing" title="FunctionalTestScript.ProductPageTest" class="method navigator-link" hash-for-method="verifyViewProduct">verifyViewProduct</a> <!-- method navigator-link -->
                      </span>
                      <br/>
                    </div> <!-- method-list-content passed suite-UI_Testing -->
                  </li>
                </ul>
              </div> <!-- suite-section-content -->
            </div> <!-- result-section -->
          </div> <!-- navigator-suite-content -->
        </div> <!-- rounded-window -->
      </div> <!-- suite -->
    </div> <!-- navigator-root -->
    <div class="wrapper">
      <div class="main-panel-root">
        <div panel-name="suite-UI_Testing" class="panel UI_Testing">
          <div class="suite-UI_Testing-class-failed">
            <div class="main-panel-header rounded-window-top">
              <img src="failed.png"/>
              <span class="class-name">FunctionalTestScript.ContactUs</span>
            </div> <!-- main-panel-header rounded-window-top -->
            <div class="main-panel-content rounded-window-bottom">
              <div class="method">
                <div class="method-content">
                  <a name="feedback">
                  </a> <!-- feedback -->
                  <span class="method-name">feedback</span>
                  <div class="stack-trace">org.openqa.selenium.TimeoutException: Expected condition failed: waiting for visibility of element located by By.xpath: //*[text()=&apos;feedback@automationexercise.com&apos;] (tried for 20 second(s) with 500 milliseconds interval)
Build info: version: &apos;4.27.0&apos;, revision: &apos;d6e718d134&apos;
System info: os.name: &apos;Windows 10&apos;, os.arch: &apos;amd64&apos;, os.version: &apos;10.0&apos;, java.version: &apos;21.0.3&apos;
Driver info: org.openqa.selenium.chrome.ChromeDriver
Capabilities {acceptInsecureCerts: false, browserName: chrome, browserVersion: 134.0.6998.178, chrome: {chromedriverVersion: 134.0.6998.165 (fd886e2cb29..., userDataDir: C:\Users\asus\AppData\Local...}, fedcm:accounts: true, goog:chromeOptions: {debuggerAddress: localhost:54335}, networkConnectionEnabled: false, pageLoadStrategy: normal, platformName: windows, proxy: Proxy(), se:cdp: ws://localhost:54335/devtoo..., se:cdpVersion: 134.0.6998.178, setWindowRect: true, strictFileInteractability: false, timeouts: {implicit: 0, pageLoad: 300000, script: 30000}, unhandledPromptBehavior: dismiss and notify, webauthn:extension:credBlob: true, webauthn:extension:largeBlob: true, webauthn:extension:minPinLength: true, webauthn:extension:prf: true, webauthn:virtualAuthenticators: true}
Session ID: 6df81dbefa8be90745b904414912d0b2
	at org.openqa.selenium.support.ui.WebDriverWait.timeoutException(WebDriverWait.java:84)
	at org.openqa.selenium.support.ui.FluentWait.until(FluentWait.java:228)
	at FunctionalTestScript.ContactUs.feedback(ContactUs.java:50)
	at java.base/java.util.ArrayList.forEach(ArrayList.java:1596)
... Removed 25 stack frames
</div> <!-- stack-trace -->
                </div> <!-- method-content -->
              </div> <!-- method -->
              <div class="method">
                <div class="method-content">
                  <a name="verifyGetInTouchForm">
                  </a> <!-- verifyGetInTouchForm -->
                  <span class="method-name">verifyGetInTouchForm</span>
                  <div class="stack-trace">org.openqa.selenium.TimeoutException: Expected condition failed: waiting for visibility of element located by By.xpath: //input[@type=&apos;text&apos; and @name=&apos;name&apos;] (tried for 30 second(s) with 500 milliseconds interval)
Build info: version: &apos;4.27.0&apos;, revision: &apos;d6e718d134&apos;
System info: os.name: &apos;Windows 10&apos;, os.arch: &apos;amd64&apos;, os.version: &apos;10.0&apos;, java.version: &apos;21.0.3&apos;
Driver info: org.openqa.selenium.chrome.ChromeDriver
Capabilities {acceptInsecureCerts: false, browserName: chrome, browserVersion: 134.0.6998.178, chrome: {chromedriverVersion: 134.0.6998.165 (fd886e2cb29..., userDataDir: C:\Users\asus\AppData\Local...}, fedcm:accounts: true, goog:chromeOptions: {debuggerAddress: localhost:54335}, networkConnectionEnabled: false, pageLoadStrategy: normal, platformName: windows, proxy: Proxy(), se:cdp: ws://localhost:54335/devtoo..., se:cdpVersion: 134.0.6998.178, setWindowRect: true, strictFileInteractability: false, timeouts: {implicit: 0, pageLoad: 300000, script: 30000}, unhandledPromptBehavior: dismiss and notify, webauthn:extension:credBlob: true, webauthn:extension:largeBlob: true, webauthn:extension:minPinLength: true, webauthn:extension:prf: true, webauthn:virtualAuthenticators: true}
Session ID: 6df81dbefa8be90745b904414912d0b2
	at org.openqa.selenium.support.ui.WebDriverWait.timeoutException(WebDriverWait.java:84)
	at org.openqa.selenium.support.ui.FluentWait.until(FluentWait.java:228)
	at FunctionalTestScript.ContactUs.verifyGetInTouchForm(ContactUs.java:25)
	at java.base/java.util.ArrayList.forEach(ArrayList.java:1596)
... Removed 25 stack frames
</div> <!-- stack-trace -->
                </div> <!-- method-content -->
              </div> <!-- method -->
            </div> <!-- main-panel-content rounded-window-bottom -->
          </div> <!-- suite-UI_Testing-class-failed -->
          <div class="suite-UI_Testing-class-failed">
            <div class="main-panel-header rounded-window-top">
              <img src="failed.png"/>
              <span class="class-name">FunctionalTestScript.Loginlogout</span>
            </div> <!-- main-panel-header rounded-window-top -->
            <div class="main-panel-content rounded-window-bottom">
              <div class="method">
                <div class="method-content">
                  <a name="logoutTest">
                  </a> <!-- logoutTest -->
                  <span class="method-name">logoutTest</span>
                  <div class="stack-trace">org.openqa.selenium.StaleElementReferenceException: stale element reference: stale element not found
  (Session info: chrome=134.0.6998.178)
For documentation on this error, please visit: https://www.selenium.dev/documentation/webdriver/troubleshooting/errors#stale-element-reference-exception
Build info: version: &apos;4.27.0&apos;, revision: &apos;d6e718d134&apos;
System info: os.name: &apos;Windows 10&apos;, os.arch: &apos;amd64&apos;, os.version: &apos;10.0&apos;, java.version: &apos;21.0.3&apos;
Driver info: org.openqa.selenium.chrome.ChromeDriver
Command: [6df81dbefa8be90745b904414912d0b2, getElementText {id=f.10ABE2A85ED886E8255EF4A2BED4F315.d.377142711A3ABDB16C5A5C626354F55E.e.59}]
Capabilities {acceptInsecureCerts: false, browserName: chrome, browserVersion: 134.0.6998.178, chrome: {chromedriverVersion: 134.0.6998.165 (fd886e2cb29..., userDataDir: C:\Users\asus\AppData\Local...}, fedcm:accounts: true, goog:chromeOptions: {debuggerAddress: localhost:54335}, networkConnectionEnabled: false, pageLoadStrategy: normal, platformName: windows, proxy: Proxy(), se:cdp: ws://localhost:54335/devtoo..., se:cdpVersion: 134.0.6998.178, setWindowRect: true, strictFileInteractability: false, timeouts: {implicit: 0, pageLoad: 300000, script: 30000}, unhandledPromptBehavior: dismiss and notify, webauthn:extension:credBlob: true, webauthn:extension:largeBlob: true, webauthn:extension:minPinLength: true, webauthn:extension:prf: true, webauthn:virtualAuthenticators: true}
Element: [[ChromeDriver: chrome on windows (6df81dbefa8be90745b904414912d0b2)] -&gt; xpath: //*[@id=&quot;header&quot;]/div/div/div/div[2]/div/ul/li[4]/a]
Session ID: 6df81dbefa8be90745b904414912d0b2
	at org.openqa.selenium.remote.ErrorCodec.decode(ErrorCodec.java:167)
	at org.openqa.selenium.remote.codec.w3c.W3CHttpResponseCodec.decode(W3CHttpResponseCodec.java:138)
	at org.openqa.selenium.remote.codec.w3c.W3CHttpResponseCodec.decode(W3CHttpResponseCodec.java:50)
	at org.openqa.selenium.remote.HttpCommandExecutor.execute(HttpCommandExecutor.java:190)
	at org.openqa.selenium.remote.service.DriverCommandExecutor.invokeExecute(DriverCommandExecutor.java:216)
	at org.openqa.selenium.remote.service.DriverCommandExecutor.execute(DriverCommandExecutor.java:174)
	at org.openqa.selenium.remote.RemoteWebDriver.execute(RemoteWebDriver.java:545)
	at org.openqa.selenium.remote.RemoteWebElement.execute(RemoteWebElement.java:223)
	at org.openqa.selenium.remote.RemoteWebElement.getText(RemoteWebElement.java:191)
	at FunctionalTestScript.Loginlogout.logoutTest(Loginlogout.java:27)
	at java.base/java.util.ArrayList.forEach(ArrayList.java:1596)
... Removed 28 stack frames
</div> <!-- stack-trace -->
                </div> <!-- method-content -->
              </div> <!-- method -->
            </div> <!-- main-panel-content rounded-window-bottom -->
          </div> <!-- suite-UI_Testing-class-failed -->
          <div class="suite-UI_Testing-class-failed">
            <div class="main-panel-header rounded-window-top">
              <img src="failed.png"/>
              <span class="class-name">FunctionalTestScript.CheckoutPage</span>
            </div> <!-- main-panel-header rounded-window-top -->
            <div class="main-panel-content rounded-window-bottom">
              <div class="method">
                <div class="method-content">
                  <a name="reviewOrder">
                  </a> <!-- reviewOrder -->
                  <span class="method-name">reviewOrder</span>
                  <div class="stack-trace">java.lang.AssertionError: expected [Rs. 1000] but found [Rs. 2500]
	at FunctionalTestScript.CheckoutPage.reviewOrder(CheckoutPage.java:69)
	at java.base/java.util.ArrayList.forEach(ArrayList.java:1596)
... Removed 31 stack frames
</div> <!-- stack-trace -->
                </div> <!-- method-content -->
              </div> <!-- method -->
            </div> <!-- main-panel-content rounded-window-bottom -->
          </div> <!-- suite-UI_Testing-class-failed -->
          <div class="suite-UI_Testing-class-failed">
            <div class="main-panel-header rounded-window-top">
              <img src="failed.png"/>
              <span class="class-name">FunctionalTestScript.CartPage</span>
            </div> <!-- main-panel-header rounded-window-top -->
            <div class="main-panel-content rounded-window-bottom">
              <div class="method">
                <div class="method-content">
                  <a name="testProceedToCheckoutButton">
                  </a> <!-- testProceedToCheckoutButton -->
                  <span class="method-name">testProceedToCheckoutButton</span>
                  <div class="stack-trace">org.openqa.selenium.TimeoutException: Expected condition failed: waiting for visibility of element located by By.xpath: a[class=&apos;btn btn-default check_out&apos;] (tried for 20 second(s) with 500 milliseconds interval)
Build info: version: &apos;4.27.0&apos;, revision: &apos;d6e718d134&apos;
System info: os.name: &apos;Windows 10&apos;, os.arch: &apos;amd64&apos;, os.version: &apos;10.0&apos;, java.version: &apos;21.0.3&apos;
Driver info: org.openqa.selenium.chrome.ChromeDriver
Capabilities {acceptInsecureCerts: false, browserName: chrome, browserVersion: 134.0.6998.178, chrome: {chromedriverVersion: 134.0.6998.165 (fd886e2cb29..., userDataDir: C:\Users\asus\AppData\Local...}, fedcm:accounts: true, goog:chromeOptions: {debuggerAddress: localhost:54335}, networkConnectionEnabled: false, pageLoadStrategy: normal, platformName: windows, proxy: Proxy(), se:cdp: ws://localhost:54335/devtoo..., se:cdpVersion: 134.0.6998.178, setWindowRect: true, strictFileInteractability: false, timeouts: {implicit: 0, pageLoad: 300000, script: 30000}, unhandledPromptBehavior: dismiss and notify, webauthn:extension:credBlob: true, webauthn:extension:largeBlob: true, webauthn:extension:minPinLength: true, webauthn:extension:prf: true, webauthn:virtualAuthenticators: true}
Session ID: 6df81dbefa8be90745b904414912d0b2
	at org.openqa.selenium.support.ui.WebDriverWait.timeoutException(WebDriverWait.java:84)
	at org.openqa.selenium.support.ui.FluentWait.until(FluentWait.java:228)
	at FunctionalTestScript.CartPage.testProceedToCheckoutButton(CartPage.java:75)
	at java.base/java.util.ArrayList.forEach(ArrayList.java:1596)
... Removed 25 stack frames
</div> <!-- stack-trace -->
                </div> <!-- method-content -->
              </div> <!-- method -->
            </div> <!-- main-panel-content rounded-window-bottom -->
          </div> <!-- suite-UI_Testing-class-failed -->
          <div class="suite-UI_Testing-class-failed">
            <div class="main-panel-header rounded-window-top">
              <img src="failed.png"/>
              <span class="class-name">FunctionalTestScript.ProductPageTest</span>
            </div> <!-- main-panel-header rounded-window-top -->
            <div class="main-panel-content rounded-window-bottom">
              <div class="method">
                <div class="method-content">
                  <a name="verifyAddToCart">
                  </a> <!-- verifyAddToCart -->
                  <span class="method-name">verifyAddToCart</span>
                  <div class="stack-trace">org.openqa.selenium.TimeoutException: Expected condition failed: waiting for element to be clickable: By.xpath: /html/body/section[2]/div/div/div[2]/div/div[2]/div/div[1]/div[2]/div/a (tried for 20 second(s) with 500 milliseconds interval)
Build info: version: &apos;4.27.0&apos;, revision: &apos;d6e718d134&apos;
System info: os.name: &apos;Windows 10&apos;, os.arch: &apos;amd64&apos;, os.version: &apos;10.0&apos;, java.version: &apos;21.0.3&apos;
Driver info: org.openqa.selenium.chrome.ChromeDriver
Capabilities {acceptInsecureCerts: false, browserName: chrome, browserVersion: 134.0.6998.178, chrome: {chromedriverVersion: 134.0.6998.165 (fd886e2cb29..., userDataDir: C:\Users\asus\AppData\Local...}, fedcm:accounts: true, goog:chromeOptions: {debuggerAddress: localhost:54335}, networkConnectionEnabled: false, pageLoadStrategy: normal, platformName: windows, proxy: Proxy(), se:cdp: ws://localhost:54335/devtoo..., se:cdpVersion: 134.0.6998.178, setWindowRect: true, strictFileInteractability: false, timeouts: {implicit: 0, pageLoad: 300000, script: 30000}, unhandledPromptBehavior: dismiss and notify, webauthn:extension:credBlob: true, webauthn:extension:largeBlob: true, webauthn:extension:minPinLength: true, webauthn:extension:prf: true, webauthn:virtualAuthenticators: true}
Session ID: 6df81dbefa8be90745b904414912d0b2
	at org.openqa.selenium.support.ui.WebDriverWait.timeoutException(WebDriverWait.java:84)
	at org.openqa.selenium.support.ui.FluentWait.until(FluentWait.java:228)
	at FunctionalTestScript.ProductPageTest.verifyAddToCart(ProductPageTest.java:57)
	at java.base/java.util.ArrayList.forEach(ArrayList.java:1596)
... Removed 25 stack frames
</div> <!-- stack-trace -->
                </div> <!-- method-content -->
              </div> <!-- method -->
              <div class="method">
                <div class="method-content">
                  <a name="verifySearchProduct">
                  </a> <!-- verifySearchProduct -->
                  <span class="method-name">verifySearchProduct</span>
                  <div class="stack-trace">org.openqa.selenium.StaleElementReferenceException: stale element reference: stale element not found
  (Session info: chrome=134.0.6998.178)
For documentation on this error, please visit: https://www.selenium.dev/documentation/webdriver/troubleshooting/errors#stale-element-reference-exception
Build info: version: &apos;4.27.0&apos;, revision: &apos;d6e718d134&apos;
System info: os.name: &apos;Windows 10&apos;, os.arch: &apos;amd64&apos;, os.version: &apos;10.0&apos;, java.version: &apos;21.0.3&apos;
Driver info: org.openqa.selenium.chrome.ChromeDriver
Command: [6df81dbefa8be90745b904414912d0b2, clearElement {id=f.10ABE2A85ED886E8255EF4A2BED4F315.d.209E7445E68EF370C7B1E81576AA42EF.e.135}]
Capabilities {acceptInsecureCerts: false, browserName: chrome, browserVersion: 134.0.6998.178, chrome: {chromedriverVersion: 134.0.6998.165 (fd886e2cb29..., userDataDir: C:\Users\asus\AppData\Local...}, fedcm:accounts: true, goog:chromeOptions: {debuggerAddress: localhost:54335}, networkConnectionEnabled: false, pageLoadStrategy: normal, platformName: windows, proxy: Proxy(), se:cdp: ws://localhost:54335/devtoo..., se:cdpVersion: 134.0.6998.178, setWindowRect: true, strictFileInteractability: false, timeouts: {implicit: 0, pageLoad: 300000, script: 30000}, unhandledPromptBehavior: dismiss and notify, webauthn:extension:credBlob: true, webauthn:extension:largeBlob: true, webauthn:extension:minPinLength: true, webauthn:extension:prf: true, webauthn:virtualAuthenticators: true}
Element: [[ChromeDriver: chrome on windows (6df81dbefa8be90745b904414912d0b2)] -&gt; xpath: //*[@id=&quot;search_product&quot;]]
Session ID: 6df81dbefa8be90745b904414912d0b2
	at org.openqa.selenium.remote.ErrorCodec.decode(ErrorCodec.java:167)
	at org.openqa.selenium.remote.codec.w3c.W3CHttpResponseCodec.decode(W3CHttpResponseCodec.java:138)
	at org.openqa.selenium.remote.codec.w3c.W3CHttpResponseCodec.decode(W3CHttpResponseCodec.java:50)
	at org.openqa.selenium.remote.HttpCommandExecutor.execute(HttpCommandExecutor.java:190)
	at org.openqa.selenium.remote.service.DriverCommandExecutor.invokeExecute(DriverCommandExecutor.java:216)
	at org.openqa.selenium.remote.service.DriverCommandExecutor.execute(DriverCommandExecutor.java:174)
	at org.openqa.selenium.remote.RemoteWebDriver.execute(RemoteWebDriver.java:545)
	at org.openqa.selenium.remote.RemoteWebElement.execute(RemoteWebElement.java:223)
	at org.openqa.selenium.remote.RemoteWebElement.clear(RemoteWebElement.java:129)
	at FunctionalTestScript.ProductPageTest.verifySearchProduct(ProductPageTest.java:41)
	at java.base/java.util.ArrayList.forEach(ArrayList.java:1596)
... Removed 28 stack frames
</div> <!-- stack-trace -->
                </div> <!-- method-content -->
              </div> <!-- method -->
            </div> <!-- main-panel-content rounded-window-bottom -->
          </div> <!-- suite-UI_Testing-class-failed -->
          <div class="suite-UI_Testing-class-passed">
            <div class="main-panel-header rounded-window-top">
              <img src="passed.png"/>
              <span class="class-name">FunctionalTestScript.ContactUs</span>
            </div> <!-- main-panel-header rounded-window-top -->
            <div class="main-panel-content rounded-window-bottom">
              <div class="method">
                <div class="method-content">
                  <a name="verifyNavigateToContactPage">
                  </a> <!-- verifyNavigateToContactPage -->
                  <span class="method-name">verifyNavigateToContactPage</span>
                </div> <!-- method-content -->
              </div> <!-- method -->
            </div> <!-- main-panel-content rounded-window-bottom -->
          </div> <!-- suite-UI_Testing-class-passed -->
          <div class="suite-UI_Testing-class-passed">
            <div class="main-panel-header rounded-window-top">
              <img src="passed.png"/>
              <span class="class-name">FunctionalTestScript.HomePageTest</span>
            </div> <!-- main-panel-header rounded-window-top -->
            <div class="main-panel-content rounded-window-bottom">
              <div class="method">
                <div class="method-content">
                  <a name="verifyBannerScroll">
                  </a> <!-- verifyBannerScroll -->
                  <span class="method-name">verifyBannerScroll</span>
                </div> <!-- method-content -->
              </div> <!-- method -->
              <div class="method">
                <div class="method-content">
                  <a name="verifyCartButton">
                  </a> <!-- verifyCartButton -->
                  <span class="method-name">verifyCartButton</span>
                </div> <!-- method-content -->
              </div> <!-- method -->
              <div class="method">
                <div class="method-content">
                  <a name="verifyContactusButton">
                  </a> <!-- verifyContactusButton -->
                  <span class="method-name">verifyContactusButton</span>
                </div> <!-- method-content -->
              </div> <!-- method -->
              <div class="method">
                <div class="method-content">
                  <a name="verifyHomePageTitle">
                  </a> <!-- verifyHomePageTitle -->
                  <span class="method-name">verifyHomePageTitle</span>
                </div> <!-- method-content -->
              </div> <!-- method -->
              <div class="method">
                <div class="method-content">
                  <a name="verifyLoginButton">
                  </a> <!-- verifyLoginButton -->
                  <span class="method-name">verifyLoginButton</span>
                </div> <!-- method-content -->
              </div> <!-- method -->
              <div class="method">
                <div class="method-content">
                  <a name="verifyLogoPresence">
                  </a> <!-- verifyLogoPresence -->
                  <span class="method-name">verifyLogoPresence</span>
                </div> <!-- method-content -->
              </div> <!-- method -->
              <div class="method">
                <div class="method-content">
                  <a name="verifyNavigationBar">
                  </a> <!-- verifyNavigationBar -->
                  <span class="method-name">verifyNavigationBar</span>
                </div> <!-- method-content -->
              </div> <!-- method -->
              <div class="method">
                <div class="method-content">
                  <a name="verifyProductButton">
                  </a> <!-- verifyProductButton -->
                  <span class="method-name">verifyProductButton</span>
                </div> <!-- method-content -->
              </div> <!-- method -->
              <div class="method">
                <div class="method-content">
                  <a name="verifyScrolldownScrollup">
                  </a> <!-- verifyScrolldownScrollup -->
                  <span class="method-name">verifyScrolldownScrollup</span>
                </div> <!-- method-content -->
              </div> <!-- method -->
              <div class="method">
                <div class="method-content">
                  <a name="verifyScrolldownToElement">
                  </a> <!-- verifyScrolldownToElement -->
                  <span class="method-name">verifyScrolldownToElement</span>
                </div> <!-- method-content -->
              </div> <!-- method -->
              <div class="method">
                <div class="method-content">
                  <a name="verifySubscription">
                  </a> <!-- verifySubscription -->
                  <span class="method-name">verifySubscription</span>
                </div> <!-- method-content -->
              </div> <!-- method -->
            </div> <!-- main-panel-content rounded-window-bottom -->
          </div> <!-- suite-UI_Testing-class-passed -->
          <div class="suite-UI_Testing-class-passed">
            <div class="main-panel-header rounded-window-top">
              <img src="passed.png"/>
              <span class="class-name">FunctionalTestScript.Loginlogout</span>
            </div> <!-- main-panel-header rounded-window-top -->
            <div class="main-panel-content rounded-window-bottom">
              <div class="method">
                <div class="method-content">
                  <a name="loginTest">
                  </a> <!-- loginTest -->
                  <span class="method-name">loginTest</span>
                </div> <!-- method-content -->
              </div> <!-- method -->
            </div> <!-- main-panel-content rounded-window-bottom -->
          </div> <!-- suite-UI_Testing-class-passed -->
          <div class="suite-UI_Testing-class-passed">
            <div class="main-panel-header rounded-window-top">
              <img src="passed.png"/>
              <span class="class-name">FunctionalTestScript.ProductDetailPage</span>
            </div> <!-- main-panel-header rounded-window-top -->
            <div class="main-panel-content rounded-window-bottom">
              <div class="method">
                <div class="method-content">
                  <a name="navigation">
                  </a> <!-- navigation -->
                  <span class="method-name">navigation</span>
                </div> <!-- method-content -->
              </div> <!-- method -->
              <div class="method">
                <div class="method-content">
                  <a name="verifyAddToCart">
                  </a> <!-- verifyAddToCart -->
                  <span class="method-name">verifyAddToCart</span>
                </div> <!-- method-content -->
              </div> <!-- method -->
              <div class="method">
                <div class="method-content">
                  <a name="verifyAvailability">
                  </a> <!-- verifyAvailability -->
                  <span class="method-name">verifyAvailability</span>
                </div> <!-- method-content -->
              </div> <!-- method -->
              <div class="method">
                <div class="method-content">
                  <a name="verifyBrand">
                  </a> <!-- verifyBrand -->
                  <span class="method-name">verifyBrand</span>
                </div> <!-- method-content -->
              </div> <!-- method -->
              <div class="method">
                <div class="method-content">
                  <a name="verifyCondition">
                  </a> <!-- verifyCondition -->
                  <span class="method-name">verifyCondition</span>
                </div> <!-- method-content -->
              </div> <!-- method -->
              <div class="method">
                <div class="method-content">
                  <a name="verifyProductCategory">
                  </a> <!-- verifyProductCategory -->
                  <span class="method-name">verifyProductCategory</span>
                </div> <!-- method-content -->
              </div> <!-- method -->
              <div class="method">
                <div class="method-content">
                  <a name="verifyProductName">
                  </a> <!-- verifyProductName -->
                  <span class="method-name">verifyProductName</span>
                </div> <!-- method-content -->
              </div> <!-- method -->
              <div class="method">
                <div class="method-content">
                  <a name="verifyProductPrice">
                  </a> <!-- verifyProductPrice -->
                  <span class="method-name">verifyProductPrice</span>
                </div> <!-- method-content -->
              </div> <!-- method -->
              <div class="method">
                <div class="method-content">
                  <a name="verifyQuantity">
                  </a> <!-- verifyQuantity -->
                  <span class="method-name">verifyQuantity</span>
                </div> <!-- method-content -->
              </div> <!-- method -->
            </div> <!-- main-panel-content rounded-window-bottom -->
          </div> <!-- suite-UI_Testing-class-passed -->
          <div class="suite-UI_Testing-class-passed">
            <div class="main-panel-header rounded-window-top">
              <img src="passed.png"/>
              <span class="class-name">FunctionalTestScript.CheckoutPage</span>
            </div> <!-- main-panel-header rounded-window-top -->
            <div class="main-panel-content rounded-window-bottom">
              <div class="method">
                <div class="method-content">
                  <a name="VerifyAddressDetails">
                  </a> <!-- VerifyAddressDetails -->
                  <span class="method-name">VerifyAddressDetails</span>
                </div> <!-- method-content -->
              </div> <!-- method -->
              <div class="method">
                <div class="method-content">
                  <a name="navigateToCheckOutPage">
                  </a> <!-- navigateToCheckOutPage -->
                  <span class="method-name">navigateToCheckOutPage</span>
                </div> <!-- method-content -->
              </div> <!-- method -->
              <div class="method">
                <div class="method-content">
                  <a name="navigation">
                  </a> <!-- navigation -->
                  <span class="method-name">navigation</span>
                </div> <!-- method-content -->
              </div> <!-- method -->
              <div class="method">
                <div class="method-content">
                  <a name="verifyAddToCart">
                  </a> <!-- verifyAddToCart -->
                  <span class="method-name">verifyAddToCart</span>
                </div> <!-- method-content -->
              </div> <!-- method -->
            </div> <!-- main-panel-content rounded-window-bottom -->
          </div> <!-- suite-UI_Testing-class-passed -->
          <div class="suite-UI_Testing-class-passed">
            <div class="main-panel-header rounded-window-top">
              <img src="passed.png"/>
              <span class="class-name">FunctionalTestScript.CartPage</span>
            </div> <!-- main-panel-header rounded-window-top -->
            <div class="main-panel-content rounded-window-bottom">
              <div class="method">
                <div class="method-content">
                  <a name="navigateCartPage">
                  </a> <!-- navigateCartPage -->
                  <span class="method-name">navigateCartPage</span>
                </div> <!-- method-content -->
              </div> <!-- method -->
              <div class="method">
                <div class="method-content">
                  <a name="navigation">
                  </a> <!-- navigation -->
                  <span class="method-name">navigation</span>
                </div> <!-- method-content -->
              </div> <!-- method -->
              <div class="method">
                <div class="method-content">
                  <a name="testCartItemTable">
                  </a> <!-- testCartItemTable -->
                  <span class="method-name">testCartItemTable</span>
                </div> <!-- method-content -->
              </div> <!-- method -->
              <div class="method">
                <div class="method-content">
                  <a name="testHomeLinkPresence">
                  </a> <!-- testHomeLinkPresence -->
                  <span class="method-name">testHomeLinkPresence</span>
                </div> <!-- method-content -->
              </div> <!-- method -->
              <div class="method">
                <div class="method-content">
                  <a name="testPageTitle">
                  </a> <!-- testPageTitle -->
                  <span class="method-name">testPageTitle</span>
                </div> <!-- method-content -->
              </div> <!-- method -->
              <div class="method">
                <div class="method-content">
                  <a name="verifyAddToCart">
                  </a> <!-- verifyAddToCart -->
                  <span class="method-name">verifyAddToCart</span>
                </div> <!-- method-content -->
              </div> <!-- method -->
            </div> <!-- main-panel-content rounded-window-bottom -->
          </div> <!-- suite-UI_Testing-class-passed -->
          <div class="suite-UI_Testing-class-passed">
            <div class="main-panel-header rounded-window-top">
              <img src="passed.png"/>
              <span class="class-name">FunctionalTestScript.ProductPageTest</span>
            </div> <!-- main-panel-header rounded-window-top -->
            <div class="main-panel-content rounded-window-bottom">
              <div class="method">
                <div class="method-content">
                  <a name="verifyProductCategory">
                  </a> <!-- verifyProductCategory -->
                  <span class="method-name">verifyProductCategory</span>
                </div> <!-- method-content -->
              </div> <!-- method -->
              <div class="method">
                <div class="method-content">
                  <a name="verifySearchProductWithEnterKey">
                  </a> <!-- verifySearchProductWithEnterKey -->
                  <span class="method-name">verifySearchProductWithEnterKey</span>
                </div> <!-- method-content -->
              </div> <!-- method -->
              <div class="method">
                <div class="method-content">
                  <a name="verifyViewProduct">
                  </a> <!-- verifyViewProduct -->
                  <span class="method-name">verifyViewProduct</span>
                </div> <!-- method-content -->
              </div> <!-- method -->
            </div> <!-- main-panel-content rounded-window-bottom -->
          </div> <!-- suite-UI_Testing-class-passed -->
        </div> <!-- panel UI_Testing -->
        <div panel-name="test-xml-UI_Testing" class="panel">
          <div class="main-panel-header rounded-window-top">
            <span class="header-content">C:\eclipse_workspace\TestAutomationExercise\Testsuit.xml</span>
          </div> <!-- main-panel-header rounded-window-top -->
          <div class="main-panel-content rounded-window-bottom">
            <pre>
&lt;?xml version=&quot;1.0&quot; encoding=&quot;UTF-8&quot;?&gt;
&lt;!DOCTYPE suite SYSTEM &quot;https://testng.org/testng-1.0.dtd&quot;&gt;
&lt;suite name=&quot;UI Testing&quot; guice-stage=&quot;DEVELOPMENT&quot;&gt;
  &lt;test thread-count=&quot;5&quot; name=&quot;Test&quot;&gt;
    &lt;classes&gt;
      &lt;class name=&quot;FunctionalTestScript.Loginlogout&quot;/&gt;
      &lt;class name=&quot;FunctionalTestScript.HomePageTest&quot;/&gt;
      &lt;class name=&quot;FunctionalTestScript.ProductPageTest&quot;/&gt;
      &lt;class name=&quot;FunctionalTestScript.ProductDetailPage&quot;/&gt;
      &lt;class name=&quot;FunctionalTestScript.CartPage&quot;/&gt;
      &lt;class name=&quot;FunctionalTestScript.CheckoutPage&quot;/&gt;
      &lt;class name=&quot;FunctionalTestScript.ContactUs&quot;/&gt;
    &lt;/classes&gt;
  &lt;/test&gt; &lt;!-- Test --&gt;
&lt;/suite&gt; &lt;!-- UI Testing --&gt;
            </pre>
          </div> <!-- main-panel-content rounded-window-bottom -->
        </div> <!-- panel -->
        <div panel-name="testlist-UI_Testing" class="panel">
          <div class="main-panel-header rounded-window-top">
            <span class="header-content">Tests for UI Testing</span>
          </div> <!-- main-panel-header rounded-window-top -->
          <div class="main-panel-content rounded-window-bottom">
            <ul>
              <li>
                <span class="test-name">Test (7 classes)</span>
              </li>
            </ul>
          </div> <!-- main-panel-content rounded-window-bottom -->
        </div> <!-- panel -->
        <div panel-name="group-UI_Testing" class="panel">
          <div class="main-panel-header rounded-window-top">
            <span class="header-content">Groups for UI Testing</span>
          </div> <!-- main-panel-header rounded-window-top -->
          <div class="main-panel-content rounded-window-bottom">
          </div> <!-- main-panel-content rounded-window-bottom -->
        </div> <!-- panel -->
        <div panel-name="times-UI_Testing" class="panel">
          <div class="main-panel-header rounded-window-top">
            <span class="header-content">Times for UI Testing</span>
          </div> <!-- main-panel-header rounded-window-top -->
          <div class="main-panel-content rounded-window-bottom">
            <div class="times-div">
              <script type="text/javascript">
suiteTableInitFunctions.push('tableData_UI_Testing');
function tableData_UI_Testing() {
var data = new google.visualization.DataTable();
data.addColumn('number', 'Number');
data.addColumn('string', 'Method');
data.addColumn('string', 'Class');
data.addColumn('number', 'Time (ms)');
data.addRows(42);
data.setCell(0, 0, 0)
data.setCell(0, 1, 'verifyScrolldownScrollup')
data.setCell(0, 2, 'FunctionalTestScript.HomePageTest')
data.setCell(0, 3, 148755);
data.setCell(1, 0, 1)
data.setCell(1, 1, 'verifyGetInTouchForm')
data.setCell(1, 2, 'FunctionalTestScript.ContactUs')
data.setCell(1, 3, 30119);
data.setCell(2, 0, 2)
data.setCell(2, 1, 'verifyAddToCart')
data.setCell(2, 2, 'FunctionalTestScript.ProductPageTest')
data.setCell(2, 3, 20394);
data.setCell(3, 0, 3)
data.setCell(3, 1, 'testProceedToCheckoutButton')
data.setCell(3, 2, 'FunctionalTestScript.CartPage')
data.setCell(3, 3, 20199);
data.setCell(4, 0, 4)
data.setCell(4, 1, 'feedback')
data.setCell(4, 2, 'FunctionalTestScript.ContactUs')
data.setCell(4, 3, 20182);
data.setCell(5, 0, 5)
data.setCell(5, 1, 'verifyProductCategory')
data.setCell(5, 2, 'FunctionalTestScript.ProductPageTest')
data.setCell(5, 3, 17128);
data.setCell(6, 0, 6)
data.setCell(6, 1, 'verifySubscription')
data.setCell(6, 2, 'FunctionalTestScript.HomePageTest')
data.setCell(6, 3, 7802);
data.setCell(7, 0, 7)
data.setCell(7, 1, 'logoutTest')
data.setCell(7, 2, 'FunctionalTestScript.Loginlogout')
data.setCell(7, 3, 6291);
data.setCell(8, 0, 8)
data.setCell(8, 1, 'loginTest')
data.setCell(8, 2, 'FunctionalTestScript.Loginlogout')
data.setCell(8, 3, 4969);
data.setCell(9, 0, 9)
data.setCell(9, 1, 'verifySearchProduct')
data.setCell(9, 2, 'FunctionalTestScript.ProductPageTest')
data.setCell(9, 3, 4543);
data.setCell(10, 0, 10)
data.setCell(10, 1, 'verifyNavigateToContactPage')
data.setCell(10, 2, 'FunctionalTestScript.ContactUs')
data.setCell(10, 3, 3642);
data.setCell(11, 0, 11)
data.setCell(11, 1, 'verifyAddToCart')
data.setCell(11, 2, 'FunctionalTestScript.ProductDetailPage')
data.setCell(11, 3, 2752);
data.setCell(12, 0, 12)
data.setCell(12, 1, 'navigation')
data.setCell(12, 2, 'FunctionalTestScript.CheckoutPage')
data.setCell(12, 3, 2513);
data.setCell(13, 0, 13)
data.setCell(13, 1, 'verifySearchProductWithEnterKey')
data.setCell(13, 2, 'FunctionalTestScript.ProductPageTest')
data.setCell(13, 3, 2481);
data.setCell(14, 0, 14)
data.setCell(14, 1, 'navigateCartPage')
data.setCell(14, 2, 'FunctionalTestScript.CartPage')
data.setCell(14, 3, 2346);
data.setCell(15, 0, 15)
data.setCell(15, 1, 'verifyAddToCart')
data.setCell(15, 2, 'FunctionalTestScript.CartPage')
data.setCell(15, 3, 2316);
data.setCell(16, 0, 16)
data.setCell(16, 1, 'verifyViewProduct')
data.setCell(16, 2, 'FunctionalTestScript.ProductPageTest')
data.setCell(16, 3, 2308);
data.setCell(17, 0, 17)
data.setCell(17, 1, 'navigation')
data.setCell(17, 2, 'FunctionalTestScript.CartPage')
data.setCell(17, 3, 1912);
data.setCell(18, 0, 18)
data.setCell(18, 1, 'verifyAddToCart')
data.setCell(18, 2, 'FunctionalTestScript.CheckoutPage')
data.setCell(18, 3, 1814);
data.setCell(19, 0, 19)
data.setCell(19, 1, 'navigation')
data.setCell(19, 2, 'FunctionalTestScript.ProductDetailPage')
data.setCell(19, 3, 1575);
data.setCell(20, 0, 20)
data.setCell(20, 1, 'navigateToCheckOutPage')
data.setCell(20, 2, 'FunctionalTestScript.CheckoutPage')
data.setCell(20, 3, 1390);
data.setCell(21, 0, 21)
data.setCell(21, 1, 'verifyScrolldownToElement')
data.setCell(21, 2, 'FunctionalTestScript.HomePageTest')
data.setCell(21, 3, 543);
data.setCell(22, 0, 22)
data.setCell(22, 1, 'verifyQuantity')
data.setCell(22, 2, 'FunctionalTestScript.ProductDetailPage')
data.setCell(22, 3, 482);
data.setCell(23, 0, 23)
data.setCell(23, 1, 'verifyBannerScroll')
data.setCell(23, 2, 'FunctionalTestScript.HomePageTest')
data.setCell(23, 3, 281);
data.setCell(24, 0, 24)
data.setCell(24, 1, 'verifyLogoPresence')
data.setCell(24, 2, 'FunctionalTestScript.HomePageTest')
data.setCell(24, 3, 275);
data.setCell(25, 0, 25)
data.setCell(25, 1, 'verifyNavigationBar')
data.setCell(25, 2, 'FunctionalTestScript.HomePageTest')
data.setCell(25, 3, 196);
data.setCell(26, 0, 26)
data.setCell(26, 1, 'VerifyAddressDetails')
data.setCell(26, 2, 'FunctionalTestScript.CheckoutPage')
data.setCell(26, 3, 174);
data.setCell(27, 0, 27)
data.setCell(27, 1, 'testCartItemTable')
data.setCell(27, 2, 'FunctionalTestScript.CartPage')
data.setCell(27, 3, 172);
data.setCell(28, 0, 28)
data.setCell(28, 1, 'verifyContactusButton')
data.setCell(28, 2, 'FunctionalTestScript.HomePageTest')
data.setCell(28, 3, 145);
data.setCell(29, 0, 29)
data.setCell(29, 1, 'verifyCartButton')
data.setCell(29, 2, 'FunctionalTestScript.HomePageTest')
data.setCell(29, 3, 108);
data.setCell(30, 0, 30)
data.setCell(30, 1, 'verifyProductButton')
data.setCell(30, 2, 'FunctionalTestScript.HomePageTest')
data.setCell(30, 3, 65);
data.setCell(31, 0, 31)
data.setCell(31, 1, 'verifyLoginButton')
data.setCell(31, 2, 'FunctionalTestScript.HomePageTest')
data.setCell(31, 3, 61);
data.setCell(32, 0, 32)
data.setCell(32, 1, 'reviewOrder')
data.setCell(32, 2, 'FunctionalTestScript.CheckoutPage')
data.setCell(32, 3, 61);
data.setCell(33, 0, 33)
data.setCell(33, 1, 'verifyAvailability')
data.setCell(33, 2, 'FunctionalTestScript.ProductDetailPage')
data.setCell(33, 3, 52);
data.setCell(34, 0, 34)
data.setCell(34, 1, 'verifyCondition')
data.setCell(34, 2, 'FunctionalTestScript.ProductDetailPage')
data.setCell(34, 3, 45);
data.setCell(35, 0, 35)
data.setCell(35, 1, 'verifyProductCategory')
data.setCell(35, 2, 'FunctionalTestScript.ProductDetailPage')
data.setCell(35, 3, 42);
data.setCell(36, 0, 36)
data.setCell(36, 1, 'testHomeLinkPresence')
data.setCell(36, 2, 'FunctionalTestScript.CartPage')
data.setCell(36, 3, 38);
data.setCell(37, 0, 37)
data.setCell(37, 1, 'verifyBrand')
data.setCell(37, 2, 'FunctionalTestScript.ProductDetailPage')
data.setCell(37, 3, 34);
data.setCell(38, 0, 38)
data.setCell(38, 1, 'verifyProductName')
data.setCell(38, 2, 'FunctionalTestScript.ProductDetailPage')
data.setCell(38, 3, 32);
data.setCell(39, 0, 39)
data.setCell(39, 1, 'verifyProductPrice')
data.setCell(39, 2, 'FunctionalTestScript.ProductDetailPage')
data.setCell(39, 3, 27);
data.setCell(40, 0, 40)
data.setCell(40, 1, 'testPageTitle')
data.setCell(40, 2, 'FunctionalTestScript.CartPage')
data.setCell(40, 3, 26);
data.setCell(41, 0, 41)
data.setCell(41, 1, 'verifyHomePageTitle')
data.setCell(41, 2, 'FunctionalTestScript.HomePageTest')
data.setCell(41, 3, 24);
window.suiteTableData['UI_Testing']= { tableData: data, tableDiv: 'times-div-UI_Testing'}
return data;
}
              </script>
              <span class="suite-total-time">Total running time: 5 minutes</span>
              <div id="times-div-UI_Testing">
              </div> <!-- times-div-UI_Testing -->
            </div> <!-- times-div -->
          </div> <!-- main-panel-content rounded-window-bottom -->
        </div> <!-- panel -->
        <div panel-name="reporter-UI_Testing" class="panel">
          <div class="main-panel-header rounded-window-top">
            <span class="header-content">Reporter output for UI Testing</span>
          </div> <!-- main-panel-header rounded-window-top -->
          <div class="main-panel-content rounded-window-bottom">
          </div> <!-- main-panel-content rounded-window-bottom -->
        </div> <!-- panel -->
        <div panel-name="ignored-methods-UI_Testing" class="panel">
          <div class="main-panel-header rounded-window-top">
            <span class="header-content">12 ignored methods</span>
          </div> <!-- main-panel-header rounded-window-top -->
          <div class="main-panel-content rounded-window-bottom">
            <div class="ignored-class-div">
              <span class="ignored-class-name">FunctionalTestScript.ContactUs</span>
              <div class="ignored-methods-div">
                <span class="ignored-method-name">setup</span>
                <br/>
                <span class="ignored-method-name">tearDown</span>
                <br/>
              </div> <!-- ignored-methods-div -->
            </div> <!-- ignored-class-div -->
            <div class="ignored-class-div">
              <span class="ignored-class-name">FunctionalTestScript.HomePageTest</span>
              <div class="ignored-methods-div">
                <span class="ignored-method-name">setup</span>
                <br/>
                <span class="ignored-method-name">tearDown</span>
                <br/>
              </div> <!-- ignored-methods-div -->
            </div> <!-- ignored-class-div -->
            <div class="ignored-class-div">
              <span class="ignored-class-name">FunctionalTestScript.ProductDetailPage</span>
              <div class="ignored-methods-div">
                <span class="ignored-method-name">tearDown</span>
                <br/>
                <span class="ignored-method-name">setup</span>
                <br/>
              </div> <!-- ignored-methods-div -->
            </div> <!-- ignored-class-div -->
            <div class="ignored-class-div">
              <span class="ignored-class-name">FunctionalTestScript.CheckoutPage</span>
              <div class="ignored-methods-div">
                <span class="ignored-method-name">setup</span>
                <br/>
                <span class="ignored-method-name">tearDown</span>
                <br/>
              </div> <!-- ignored-methods-div -->
            </div> <!-- ignored-class-div -->
            <div class="ignored-class-div">
              <span class="ignored-class-name">FunctionalTestScript.CartPage</span>
              <div class="ignored-methods-div">
                <span class="ignored-method-name">setup</span>
                <br/>
                <span class="ignored-method-name">tearDown</span>
                <br/>
              </div> <!-- ignored-methods-div -->
            </div> <!-- ignored-class-div -->
            <div class="ignored-class-div">
              <span class="ignored-class-name">FunctionalTestScript.ProductPageTest</span>
              <div class="ignored-methods-div">
                <span class="ignored-method-name">tearDown</span>
                <br/>
                <span class="ignored-method-name">setup</span>
                <br/>
              </div> <!-- ignored-methods-div -->
            </div> <!-- ignored-class-div -->
          </div> <!-- main-panel-content rounded-window-bottom -->
        </div> <!-- panel -->
        <div panel-name="chronological-UI_Testing" class="panel">
          <div class="main-panel-header rounded-window-top">
            <span class="header-content">Methods in chronological order</span>
          </div> <!-- main-panel-header rounded-window-top -->
          <div class="main-panel-content rounded-window-bottom">
            <div class="chronological-class">
              <div class="chronological-class-name">FunctionalTestScript.Loginlogout</div> <!-- chronological-class-name -->
              <div class="configuration-suite before">
                <span class="method-name">setup</span>
                <span class="method-start">0 ms</span>
              </div> <!-- configuration-suite before -->
              <div class="test-method">
                <span class="method-name">loginTest</span>
                <span class="method-start">13448 ms</span>
              </div> <!-- test-method -->
              <div class="test-method">
                <img src="failed.png">
                </img>
                <span class="method-name">logoutTest</span>
                <span class="method-start">18439 ms</span>
              </div> <!-- test-method -->
            </div> <!-- chronological-class -->
            <div class="chronological-class">
              <div class="chronological-class-name">FunctionalTestScript.HomePageTest</div> <!-- chronological-class-name -->
              <div class="test-method">
                <span class="method-name">verifyHomePageTitle</span>
                <span class="method-start">24742 ms</span>
              </div> <!-- test-method -->
              <div class="test-method">
                <span class="method-name">verifyLogoPresence</span>
                <span class="method-start">24773 ms</span>
              </div> <!-- test-method -->
              <div class="test-method">
                <span class="method-name">verifyNavigationBar</span>
                <span class="method-start">25051 ms</span>
              </div> <!-- test-method -->
              <div class="test-method">
                <span class="method-name">verifyLoginButton</span>
                <span class="method-start">25252 ms</span>
              </div> <!-- test-method -->
              <div class="test-method">
                <span class="method-name">verifyProductButton</span>
                <span class="method-start">25317 ms</span>
              </div> <!-- test-method -->
              <div class="test-method">
                <span class="method-name">verifyCartButton</span>
                <span class="method-start">25388 ms</span>
              </div> <!-- test-method -->
              <div class="test-method">
                <span class="method-name">verifyContactusButton</span>
                <span class="method-start">25511 ms</span>
              </div> <!-- test-method -->
              <div class="test-method">
                <span class="method-name">verifySubscription</span>
                <span class="method-start">25669 ms</span>
              </div> <!-- test-method -->
              <div class="test-method">
                <span class="method-name">verifyScrolldownScrollup</span>
                <span class="method-start">33475 ms</span>
              </div> <!-- test-method -->
              <div class="test-method">
                <span class="method-name">verifyBannerScroll</span>
                <span class="method-start">182234 ms</span>
              </div> <!-- test-method -->
              <div class="test-method">
                <span class="method-name">verifyScrolldownToElement</span>
                <span class="method-start">182516 ms</span>
              </div> <!-- test-method -->
            </div> <!-- chronological-class -->
            <div class="chronological-class">
              <div class="chronological-class-name">FunctionalTestScript.ProductPageTest</div> <!-- chronological-class-name -->
              <div class="configuration-method before">
                <span class="method-name">verifyProductButtonNavigation</span>
                <span class="method-start">183064 ms</span>
              </div> <!-- configuration-method before -->
              <div class="test-method">
                <img src="failed.png">
                </img>
                <span class="method-name">verifySearchProduct</span>
                <span class="method-start">302727 ms</span>
              </div> <!-- test-method -->
              <div class="configuration-method before">
                <span class="method-name">verifyProductButtonNavigation</span>
                <span class="method-start">307277 ms</span>
              </div> <!-- configuration-method before -->
              <div class="test-method">
                <span class="method-name">verifySearchProductWithEnterKey</span>
                <span class="method-start">423952 ms</span>
              </div> <!-- test-method -->
              <div class="configuration-method before">
                <span class="method-name">verifyProductButtonNavigation</span>
                <span class="method-start">426464 ms</span>
              </div> <!-- configuration-method before -->
              <div class="test-method">
                <img src="failed.png">
                </img>
                <span class="method-name">verifyAddToCart</span>
                <span class="method-start">430052 ms</span>
              </div> <!-- test-method -->
              <div class="configuration-method before">
                <span class="method-name">verifyProductButtonNavigation</span>
                <span class="method-start">450448 ms</span>
              </div> <!-- configuration-method before -->
              <div class="test-method">
                <span class="method-name">verifyProductCategory</span>
                <span class="method-start">475029 ms</span>
              </div> <!-- test-method -->
              <div class="configuration-method before">
                <span class="method-name">verifyProductButtonNavigation</span>
                <span class="method-start">492159 ms</span>
              </div> <!-- configuration-method before -->
              <div class="test-method">
                <span class="method-name">verifyViewProduct</span>
                <span class="method-start">494243 ms</span>
              </div> <!-- test-method -->
            </div> <!-- chronological-class -->
            <div class="chronological-class">
              <div class="chronological-class-name">FunctionalTestScript.ProductDetailPage</div> <!-- chronological-class-name -->
              <div class="test-method">
                <span class="method-name">navigation</span>
                <span class="method-start">496554 ms</span>
              </div> <!-- test-method -->
              <div class="test-method">
                <span class="method-name">verifyAddToCart</span>
                <span class="method-start">498138 ms</span>
              </div> <!-- test-method -->
              <div class="test-method">
                <span class="method-name">verifyAvailability</span>
                <span class="method-start">500900 ms</span>
              </div> <!-- test-method -->
              <div class="test-method">
                <span class="method-name">verifyBrand</span>
                <span class="method-start">500954 ms</span>
              </div> <!-- test-method -->
              <div class="test-method">
                <span class="method-name">verifyCondition</span>
                <span class="method-start">500990 ms</span>
              </div> <!-- test-method -->
              <div class="test-method">
                <span class="method-name">verifyProductCategory</span>
                <span class="method-start">501038 ms</span>
              </div> <!-- test-method -->
              <div class="test-method">
                <span class="method-name">verifyProductName</span>
                <span class="method-start">501082 ms</span>
              </div> <!-- test-method -->
              <div class="test-method">
                <span class="method-name">verifyProductPrice</span>
                <span class="method-start">501116 ms</span>
              </div> <!-- test-method -->
              <div class="test-method">
                <span class="method-name">verifyQuantity</span>
                <span class="method-start">501144 ms</span>
              </div> <!-- test-method -->
            </div> <!-- chronological-class -->
            <div class="chronological-class">
              <div class="chronological-class-name">FunctionalTestScript.CartPage</div> <!-- chronological-class-name -->
              <div class="test-method">
                <span class="method-name">navigation</span>
                <span class="method-start">501628 ms</span>
              </div> <!-- test-method -->
              <div class="test-method">
                <span class="method-name">verifyAddToCart</span>
                <span class="method-start">503551 ms</span>
              </div> <!-- test-method -->
              <div class="test-method">
                <span class="method-name">navigateCartPage</span>
                <span class="method-start">505873 ms</span>
              </div> <!-- test-method -->
              <div class="test-method">
                <span class="method-name">testPageTitle</span>
                <span class="method-start">508222 ms</span>
              </div> <!-- test-method -->
              <div class="test-method">
                <span class="method-name">testHomeLinkPresence</span>
                <span class="method-start">508251 ms</span>
              </div> <!-- test-method -->
              <div class="test-method">
                <img src="failed.png">
                </img>
                <span class="method-name">testProceedToCheckoutButton</span>
                <span class="method-start">508291 ms</span>
              </div> <!-- test-method -->
              <div class="test-method">
                <span class="method-name">testCartItemTable</span>
                <span class="method-start">528490 ms</span>
              </div> <!-- test-method -->
            </div> <!-- chronological-class -->
            <div class="chronological-class">
              <div class="chronological-class-name">FunctionalTestScript.CheckoutPage</div> <!-- chronological-class-name -->
              <div class="test-method">
                <span class="method-name">navigation</span>
                <span class="method-start">528662 ms</span>
              </div> <!-- test-method -->
              <div class="test-method">
                <span class="method-name">verifyAddToCart</span>
                <span class="method-start">531177 ms</span>
              </div> <!-- test-method -->
              <div class="test-method">
                <span class="method-name">navigateToCheckOutPage</span>
                <span class="method-start">532996 ms</span>
              </div> <!-- test-method -->
              <div class="test-method">
                <span class="method-name">VerifyAddressDetails</span>
                <span class="method-start">534393 ms</span>
              </div> <!-- test-method -->
              <div class="test-method">
                <img src="failed.png">
                </img>
                <span class="method-name">reviewOrder</span>
                <span class="method-start">534570 ms</span>
              </div> <!-- test-method -->
            </div> <!-- chronological-class -->
            <div class="chronological-class">
              <div class="chronological-class-name">FunctionalTestScript.ContactUs</div> <!-- chronological-class-name -->
              <div class="test-method">
                <img src="failed.png">
                </img>
                <span class="method-name">feedback</span>
                <span class="method-start">534636 ms</span>
              </div> <!-- test-method -->
              <div class="test-method">
                <img src="failed.png">
                </img>
                <span class="method-name">verifyGetInTouchForm</span>
                <span class="method-start">554834 ms</span>
              </div> <!-- test-method -->
              <div class="test-method">
                <span class="method-name">verifyNavigateToContactPage</span>
                <span class="method-start">584957 ms</span>
              </div> <!-- test-method -->
            </div> <!-- chronological-class -->
            <div class="chronological-class">
              <div class="chronological-class-name">FunctionalTestScript.Loginlogout</div> <!-- chronological-class-name -->
              <div class="configuration-suite after">
                <span class="method-name">tearDown</span>
                <span class="method-start">588765 ms</span>
              </div> <!-- configuration-suite after -->
          </div> <!-- main-panel-content rounded-window-bottom -->
        </div> <!-- panel -->
      </div> <!-- main-panel-root -->
    </div> <!-- wrapper -->
  </body>
<script type="text/javascript" src="testng-reports2.js"></script>
</html>
