<?xml version="1.0" encoding="UTF-8"?>
<!-- Generated by org.testng.reporters.JUnitXMLReporter -->
<testsuite ignored="0" hostname="DESKTOP-DOJ891E" failures="0" tests="11" name="Test" time="3.654" errors="0" timestamp="2025-03-17T23:53:33 IST">
  <testcase classname="utilities.BaseTest" name="@BeforeSuite setup" time="183.1">
    <failure type="org.openqa.selenium.TimeoutException" message="java.util.concurrent.TimeoutException
Build info: version: &amp;apos;4.27.0&amp;apos;, revision: &amp;apos;d6e718d134&amp;apos;
System info: os.name: &amp;apos;Windows 10&amp;apos;, os.arch: &amp;apos;amd64&amp;apos;, os.version: &amp;apos;10.0&amp;apos;, java.version: &amp;apos;21.0.3&amp;apos;
Driver info: org.openqa.selenium.chrome.ChromeDriver
Command: [a83d9d99b674f5e4e4d452f1c6910aab, get {url=https://www.automationexercise.com/}]
Capabilities {acceptInsecureCerts: false, browserName: chrome, browserVersion: 134.0.6998.89, chrome: {chromedriverVersion: 134.0.6998.88 (7e3d5c978c6d..., userDataDir: C:\Users\asus\AppData\Local...}, fedcm:accounts: true, goog:chromeOptions: {debuggerAddress: localhost:53774}, networkConnectionEnabled: false, pageLoadStrategy: normal, platformName: windows, proxy: Proxy(), se:cdp: ws://localhost:53774/devtoo..., se:cdpVersion: 134.0.6998.89, setWindowRect: true, strictFileInteractability: false, timeouts: {implicit: 0, pageLoad: 300000, script: 30000}, unhandledPromptBehavior: dismiss and notify, webauthn:extension:credBlob: true, webauthn:extension:largeBlob: true, webauthn:extension:minPinLength: true, webauthn:extension:prf: true, webauthn:virtualAuthenticators: true}
Session ID: a83d9d99b674f5e4e4d452f1c6910aab">
      <![CDATA[org.openqa.selenium.TimeoutException: java.util.concurrent.TimeoutException
Build info: version: '4.27.0', revision: 'd6e718d134'
System info: os.name: 'Windows 10', os.arch: 'amd64', os.version: '10.0', java.version: '21.0.3'
Driver info: org.openqa.selenium.chrome.ChromeDriver
Command: [a83d9d99b674f5e4e4d452f1c6910aab, get {url=https://www.automationexercise.com/}]
Capabilities {acceptInsecureCerts: false, browserName: chrome, browserVersion: 134.0.6998.89, chrome: {chromedriverVersion: 134.0.6998.88 (7e3d5c978c6d..., userDataDir: C:\Users\asus\AppData\Local...}, fedcm:accounts: true, goog:chromeOptions: {debuggerAddress: localhost:53774}, networkConnectionEnabled: false, pageLoadStrategy: normal, platformName: windows, proxy: Proxy(), se:cdp: ws://localhost:53774/devtoo..., se:cdpVersion: 134.0.6998.89, setWindowRect: true, strictFileInteractability: false, timeouts: {implicit: 0, pageLoad: 300000, script: 30000}, unhandledPromptBehavior: dismiss and notify, webauthn:extension:credBlob: true, webauthn:extension:largeBlob: true, webauthn:extension:minPinLength: true, webauthn:extension:prf: true, webauthn:virtualAuthenticators: true}
Session ID: a83d9d99b674f5e4e4d452f1c6910aab
at org.openqa.selenium.remote.http.jdk.JdkHttpClient.execute(JdkHttpClient.java:423)
at org.openqa.selenium.remote.HttpCommandExecutor.execute(HttpCommandExecutor.java:187)
at org.openqa.selenium.remote.service.DriverCommandExecutor.invokeExecute(DriverCommandExecutor.java:216)
at org.openqa.selenium.remote.service.DriverCommandExecutor.execute(DriverCommandExecutor.java:174)
at org.openqa.selenium.remote.RemoteWebDriver.execute(RemoteWebDriver.java:545)
at org.openqa.selenium.remote.RemoteWebDriver.get(RemoteWebDriver.java:313)
at utilities.BaseTest.setup(BaseTest.java:40)
Caused by: java.util.concurrent.TimeoutException
at java.base/java.util.concurrent.CompletableFuture$Timeout.run(CompletableFuture.java:2920)
at java.base/java.util.concurrent.Executors$RunnableAdapter.call(Executors.java:572)
at java.base/java.util.concurrent.FutureTask.run(FutureTask.java:317)
at java.base/java.util.concurrent.ScheduledThreadPoolExecutor$ScheduledFutureTask.run(ScheduledThreadPoolExecutor.java:304)
at java.base/java.util.concurrent.ThreadPoolExecutor.runWorker(ThreadPoolExecutor.java:1144)
at java.base/java.util.concurrent.ThreadPoolExecutor$Worker.run(ThreadPoolExecutor.java:642)
at java.base/java.lang.Thread.run(Thread.java:1583)
... Removed 17 stack frames]]>
    </failure>
  </testcase> <!-- @BeforeSuite setup -->
  <testcase classname="Authentication.Signup" name="signupTest" time="0.001">
    <skipped/>
  </testcase> <!-- signupTest -->
  <testcase classname="Authentication.Signup" name="signupTest" time="0.0">
    <skipped/>
  </testcase> <!-- signupTest -->
  <testcase classname="Authentication.Signup" name="signupTest" time="0.0">
    <skipped/>
  </testcase> <!-- signupTest -->
  <testcase classname="Authentication.Signup" name="signupTest" time="0.0">
    <skipped/>
  </testcase> <!-- signupTest -->
  <testcase classname="Authentication.Signup" name="signupTest" time="0.0">
    <skipped/>
  </testcase> <!-- signupTest -->
  <testcase classname="Authentication.Signup" name="signupTest" time="0.001">
    <skipped/>
  </testcase> <!-- signupTest -->
  <testcase classname="Authentication.Signup" name="signupTest" time="0.0">
    <skipped/>
  </testcase> <!-- signupTest -->
  <testcase classname="Authentication.Signup" name="signupTest" time="0.0">
    <skipped/>
  </testcase> <!-- signupTest -->
  <testcase classname="Authentication.Signup" name="signupTest" time="0.001">
    <skipped/>
  </testcase> <!-- signupTest -->
  <testcase classname="Authentication.Signup" name="signupTest" time="0.011">
    <skipped/>
  </testcase> <!-- signupTest -->
  <testcase classname="Authentication.Signup" name="signupTest" time="0.0">
    <skipped/>
  </testcase> <!-- signupTest -->
</testsuite> <!-- Test -->
